0 [126314648618944] INFO perfrun.launcher <> - Launcher main begin
1 [126314648618944] INFO perfrun.launcher <> - MessageCatalogInit finished
1 [126314648618944] INFO perfrun.launcher <> - Launcher instance created
1 [126314648618944] INFO perfrun.launcher <> - argc = 6; cmdline = /opt/intel/oneapi/advisor/2025.1/bin64/advixe-runss -dump-vdso -r /home/ubuntu/intel_advisor_projects/ariel_dt_oblique/e000/hs000 --tmp-dir /tmp/advixe-tmp-ubuntu 
30 [126314648618944] INFO perfrun.launcher <> - create msngr2::ICliToolContext
31 [126314648618944] INFO perfrun.launcher <> - create file finder object
31 [126314417751744] INFO perfrun.launcher <> - plugin [remoteplug] was disabled because it doesn't support the given collection type.
31 [126314417751744] INFO perfrun.launcher <> - plugin [system] was disabled because it doesn't support the given collection type.
31 [126314417751744] INFO perfrun.vdso <> - dumping [vdso] pseudomodule
32 [126314417751744] INFO perfrun.launcher <> - plugin [itt] was disabled because it doesn't support the given collection type.
32 [126314417751744] INFO perfrun.launcher <> - plugin [] was disabled because it doesn't support the given collection type.
32 [126314417751744] INFO perfrun.launcher <> - plugin [gpu] was disabled because it doesn't support the given collection type.
32 [126314417751744] INFO perfrun.launcher <> - plugin [] was disabled because it doesn't support the given collection type.
32 [126314417751744] INFO perfrun.launcher <> - plugin [] was disabled because it doesn't support the given collection type.
32 [126314417751744] INFO perfrun.launcher <> - plugin [] was disabled because it doesn't support the given collection type.
32 [126314417751744] INFO perfrun.launcher <> - plugin [mrte] was disabled because it doesn't support the given collection type.
32 [126314417751744] INFO perfrun.launcher <> - plugin [] was disabled because it doesn't support the given collection type.
32 [126314417751744] INFO perfrun.launcher <> - plugin [] was disabled because it doesn't support the given collection type.
32 [126314417751744] INFO perfrun.launcher <> - plugin [] was disabled because it doesn't support the given collection type.
32 [126314417751744] INFO perfrun.launcher <> - plugin [] was disabled because it doesn't support the given collection type.
32 [126314417751744] INFO perfrun.launcher <> - plugin [] was disabled because it doesn't support the given collection type.
32 [126314417751744] INFO perfrun.launcher <> - plugin [] was disabled because it doesn't support the given collection type.
32 [126314417751744] INFO perfrun.launcher <> - plugin [] was disabled because it doesn't support the given collection type.
32 [126314417751744] INFO perfrun.launcher <> - plugin [tpss] was disabled because it doesn't support the given collection type.
32 [126314417751744] INFO perfrun.launcher <> - plugin [] was disabled because it doesn't support the given collection type.
32 [126314417751744] INFO perfrun.launcher <> - plugin [] was disabled because it doesn't support the given collection type.
32 [126314417751744] INFO perfrun.launcher <> - plugin [] was disabled because it doesn't support the given collection type.
32 [126314417751744] INFO perfrun.launcher <> - plugin [] was disabled because it doesn't support the given collection type.
32 [126314417751744] INFO perfrun.launcher <> - plugin [] was disabled because it doesn't support the given collection type.
32 [126314417751744] INFO perfrun.launcher <> - plugin [] was disabled because it doesn't support the given collection type.
32 [126314417751744] INFO perfrun.launcher <> - plugin [] was disabled because it doesn't support the given collection type.
32 [126314417751744] INFO perfrun.launcher <> - plugin [] was disabled because it doesn't support the given collection type.
32 [126314417751744] INFO perfrun.launcher <> - plugin [] was disabled because it doesn't support the given collection type.
32 [126314417751744] INFO perfrun.launcher <> - plugin [] was disabled because it doesn't support the given collection type.
32 [126314648618944] INFO perfrun.launcher <> - Application exit code: 0
32 [126314648618944] INFO perfrun.launcher <> - Exit code: 0
