0 [128934419527616] INFO perfrun.launcher <> - Launcher main begin
1 [128934419527616] INFO perfrun.launcher <> - MessageCatalogInit finished
1 [128934419527616] INFO perfrun.launcher <> - Launcher instance created
1 [128934419527616] INFO perfrun.launcher <> - argc = 7; cmdline = /opt/intel/oneapi/advisor/2025.1/bin64/advixe-runss --ui-output-format xml --ui-output-fd 6 --option-file /home/ubuntu/intel_advisor_profile_results/ariel_rf_1_tree_oblique/e000/hs000/config/runss.options 
28 [128934419527616] INFO perfrun.launcher <> - create msngr2::ICliToolContext
28 [128934419527616] INFO perfrun.launcher <> - create file finder object
29 [128934419527616] INFO perfrun.launcher <> - create a result directory: pattern = /home/ubuntu/intel_advisor_profile_results/ariel_rf_1_tree_oblique/e000/hs000 pid = 4294967295
30 [128934419527616] INFO perfrun.sdk <> - checked that the directory /home/ubuntu/intel_advisor_profile_results/ariel_rf_1_tree_oblique/e000/hs000 is a local directory
30 [128934419527616] INFO perfrun.sdk <> - the directory /home/ubuntu/intel_advisor_profile_results/ariel_rf_1_tree_oblique/e000/hs000 is a local directory with FS type ID 61267
30 [128934419527616] INFO perfrun.launcher <> - create data directory = /home/ubuntu/intel_advisor_profile_results/ariel_rf_1_tree_oblique/e000/hs000/data.0
30 [128934419527616] INFO perfrun.launcher <> - Creating the master collection flag
32 [128934419527616] INFO perfrun.launcher <> - Done creating the master collection flag
32 [128934188418752] INFO perfrun.launcher <> - plugin [remoteplug] was disabled because it doesn't support the given collection type.
33 [128934188418752] INFO perfrun.sdk <> - Allocating TMU :/home/ubuntu/intel_advisor_profile_results/ariel_rf_1_tree_oblique/e000/hs000/data.0/systemcollector-13534-ip-172-31-35-89.sc
33 [128934188418752] INFO perfrun.launcher <> - plugin [] was disabled because it doesn't support the given collection type.
33 [128934188418752] INFO perfrun.launcher <> - plugin [gpu] was disabled because it doesn't support the given collection type.
33 [128934188418752] INFO perfrun.launcher <> - plugin [] was disabled because it doesn't support the given collection type.
33 [128934188418752] INFO perfrun.launcher <> - plugin [] was disabled because it doesn't support the given collection type.
33 [128934188418752] INFO perfrun.launcher <> - plugin [] was disabled because it doesn't support the given collection type.
33 [128934188418752] INFO perfrun.mrte <> - system-wide mode is 0
33 [128934188418752] INFO perfrun.mrte <> - Getting  mrte profiling environment ...
42 [128934188418752] INFO perfrun.mrte <> - INTEL_MRTE_DATA_DIR=/home/ubuntu/intel_advisor_profile_results/ariel_rf_1_tree_oblique/e000/hs000/data.0
42 [128934188418752] INFO perfrun.mrte <> - INTEL_MRTE_HOST_NAME=ip-172-31-35-89
42 [128934188418752] INFO perfrun.mrte <> - JAVA_TOOL_OPTIONS=-agentlib:advixe_samplingmrte_javaprof_1.0 -Dsun.boot.library.path=/opt/intel/oneapi/advisor/2025.1/lib32/runtime:/opt/intel/oneapi/advisor/2025.1/lib64/runtime
42 [128934188418752] INFO perfrun.mrte <> - LD_LIBRARY_PATH=/opt/intel/oneapi/advisor/2025.1/lib32/runtime:/opt/intel/oneapi/advisor/2025.1/lib64/runtime:/opt/intel/oneapi/tcm/1.3/lib:/opt/intel/oneapi/umf/0.10/lib:/opt/intel/oneapi/tbb/2022.1/env/../lib/intel64/gcc4.8:/opt/intel/oneapi/pti/0.11/lib:/opt/intel/oneapi/mpi/2021.15/opt/mpi/libfabric/lib:/opt/intel/oneapi/mpi/2021.15/lib:/opt/intel/oneapi/mkl/2025.1/lib:/opt/intel/oneapi/ippcp/2025.1/lib/:/opt/intel/oneapi/ipp/2022.1/lib:/opt/intel/oneapi/dnnl/2025.1/lib:/opt/intel/oneapi/debugger/2025.1/opt/debugger/lib:/opt/intel/oneapi/dal/2025.4/lib:/opt/intel/oneapi/compiler/2025.1/opt/compiler/lib:/opt/intel/oneapi/compiler/2025.1/lib:/opt/intel/oneapi/ccl/2021.15/lib/
42 [128934188418752] INFO perfrun.mrte <> - Data directory: /home/ubuntu/intel_advisor_profile_results/ariel_rf_1_tree_oblique/e000/hs000/data.0
42 [128934188418752] INFO perfrun.mrte <> - Mrte plugin is initialized
42 [128934188418752] INFO perfrun.launcher <> - plugin [] was disabled because it doesn't support the given collection type.
42 [128934188418752] INFO perfrun.launcher <> - plugin [] was disabled because it doesn't support the given collection type.
42 [128934188418752] INFO perfrun.launcher <> - plugin [] was disabled because it doesn't support the given collection type.
42 [128934188418752] INFO perfrun.launcher <> - plugin [] was disabled because it doesn't support the given collection type.
42 [128934188418752] INFO perfrun.launcher <> - plugin [] was disabled because it doesn't support the given collection type.
42 [128934188418752] INFO perfrun.launcher <> - plugin [] was disabled because it doesn't support the given collection type.
42 [128934188418752] INFO perfrun.launcher <> - plugin [] was disabled because it doesn't support the given collection type.
42 [128934188418752] INFO perfrun.tpss <> - initialize tpss controller
42 [128934188418752] INFO perfrun.tpss <> - configure collection mode: value = cpu:stack
42 [128934188418752] INFO perfrun.tpss <> - default obj-size-min=1024
42 [128934188418752] INFO perfrun.tpss <> - default hash-table-size=0
42 [128934188418752] INFO perfrun.launcher <> - plugin [] was disabled because it doesn't support the given collection type.
42 [128934188418752] INFO perfrun.launcher <> - plugin [] was disabled because it doesn't support the given collection type.
42 [128934188418752] INFO perfrun.launcher <> - plugin [] was disabled because it doesn't support the given collection type.
42 [128934188418752] INFO perfrun.launcher <> - plugin [] was disabled because it doesn't support the given collection type.
42 [128934188418752] INFO perfrun.launcher <> - plugin [] was disabled because it doesn't support the given collection type.
42 [128934188418752] INFO perfrun.launcher <> - plugin [] was disabled because it doesn't support the given collection type.
42 [128934188418752] INFO perfrun.launcher <> - plugin [] was disabled because it doesn't support the given collection type.
42 [128934188418752] INFO perfrun.launcher <> - plugin [] was disabled because it doesn't support the given collection type.
42 [128934188418752] INFO perfrun.launcher <> - plugin [] was disabled because it doesn't support the given collection type.
42 [128934188418752] INFO perfrun.launcher <> - plugin [] was disabled because it doesn't support the given collection type.
42 [128934419527616] INFO perfrun.launcher <> - set environment variable: LD_LIBRARY_PATH = /opt/intel/oneapi/advisor/2025.1/lib32/runtime:/opt/intel/oneapi/advisor/2025.1/lib64/runtime:/opt/intel/oneapi/tcm/1.3/lib:/opt/intel/oneapi/umf/0.10/lib:/opt/intel/oneapi/tbb/2022.1/env/../lib/intel64/gcc4.8:/opt/intel/oneapi/pti/0.11/lib:/opt/intel/oneapi/mpi/2021.15/opt/mpi/libfabric/lib:/opt/intel/oneapi/mpi/2021.15/lib:/opt/intel/oneapi/mkl/2025.1/lib:/opt/intel/oneapi/ippcp/2025.1/lib/:/opt/intel/oneapi/ipp/2022.1/lib:/opt/intel/oneapi/dnnl/2025.1/lib:/opt/intel/oneapi/debugger/2025.1/opt/debugger/lib:/opt/intel/oneapi/dal/2025.4/lib:/opt/intel/oneapi/compiler/2025.1/opt/compiler/lib:/opt/intel/oneapi/compiler/2025.1/lib:/opt/intel/oneapi/ccl/2021.15/lib/
42 [128934419527616] INFO perfrun.launcher <> - set environment variable: INTEL_LIBITTNOTIFY32 = /opt/intel/oneapi/advisor/2025.1/lib32/runtime/libittnotify_collector.so
42 [128934419527616] INFO perfrun.launcher <> - set environment variable: INTEL_LIBITTNOTIFY64 = /opt/intel/oneapi/advisor/2025.1/lib64/runtime/libittnotify_collector.so
42 [128934419527616] INFO perfrun.launcher <> - set environment variable: INTEL_ITTNOTIFY_GROUPS = 
43 [128934419527616] INFO perfrun.launcher <> - set environment variable: INTEL_JIT_PROFILER32 = /opt/intel/oneapi/advisor/2025.1/lib32/runtime/libittnotify_collector.so
43 [128934419527616] INFO perfrun.launcher <> - set environment variable: INTEL_JIT_PROFILER64 = /opt/intel/oneapi/advisor/2025.1/lib64/runtime/libittnotify_collector.so
43 [128934419527616] INFO perfrun.launcher <> - set environment variable: CCL_ITT_LEVEL = 1
43 [128934419527616] INFO perfrun.launcher <> - set environment variable: ENABLE_JITPROFILING = 1
43 [128934419527616] INFO perfrun.launcher <> - set environment variable: CL_CONFIG_USE_VTUNE = True
43 [128934419527616] INFO perfrun.launcher <> - set environment variable: KMP_FORKJOIN_FRAMES = 0
43 [128934419527616] INFO perfrun.launcher <> - set environment variable: KMP_FORKJOIN_FRAMES_MODE = 0
43 [128934419527616] INFO perfrun.launcher <> - set environment variable: INTEL_MRTE_DATA_DIR = /home/ubuntu/intel_advisor_profile_results/ariel_rf_1_tree_oblique/e000/hs000/data.0
43 [128934419527616] INFO perfrun.launcher <> - set environment variable: INTEL_MRTE_HOST_NAME = ip-172-31-35-89
43 [128934419527616] INFO perfrun.launcher <> - set environment variable: JAVA_TOOL_OPTIONS = -agentlib:advixe_samplingmrte_javaprof_1.0 -Dsun.boot.library.path=/opt/intel/oneapi/advisor/2025.1/lib32/runtime:/opt/intel/oneapi/advisor/2025.1/lib64/runtime
43 [128934419527616] INFO perfrun.launcher <> - set environment variable: LD_LIBRARY_PATH = /opt/intel/oneapi/advisor/2025.1/lib32/runtime:/opt/intel/oneapi/advisor/2025.1/lib64/runtime:/opt/intel/oneapi/tcm/1.3/lib:/opt/intel/oneapi/umf/0.10/lib:/opt/intel/oneapi/tbb/2022.1/env/../lib/intel64/gcc4.8:/opt/intel/oneapi/pti/0.11/lib:/opt/intel/oneapi/mpi/2021.15/opt/mpi/libfabric/lib:/opt/intel/oneapi/mpi/2021.15/lib:/opt/intel/oneapi/mkl/2025.1/lib:/opt/intel/oneapi/ippcp/2025.1/lib/:/opt/intel/oneapi/ipp/2022.1/lib:/opt/intel/oneapi/dnnl/2025.1/lib:/opt/intel/oneapi/debugger/2025.1/opt/debugger/lib:/opt/intel/oneapi/dal/2025.4/lib:/opt/intel/oneapi/compiler/2025.1/opt/compiler/lib:/opt/intel/oneapi/compiler/2025.1/lib:/opt/intel/oneapi/ccl/2021.15/lib/
43 [128934419527616] INFO perfrun.launcher <> - RpcServer: run RPC server to handle requests
43 [128934419527616] INFO perfrun.launcher <> - Launcher: command line to start before modification = /home/ubuntu/yggdrasil-decision-forests/bazel-bin/examples/ariel_rf_train /home/ubuntu/yggdrasil-decision-forests/ariel_test_data/processed_wise1_data.csv Cancer Status tmp/ariel_dt_model
44 [128934419527616] INFO perfrun.launcher <> - Launcher: command line to start after modification = /opt/intel/oneapi/advisor/2025.1/bin64/pin -error_file /home/ubuntu/intel_advisor_profile_results/ariel_rf_1_tree_oblique/e000/hs000/data.0/pinerr.tpsslog -detach_reattach -follow_execv -tool_load_option deepbind -t64 /opt/intel/oneapi/advisor/2025.1/lib64/libtpsstool.so -t /opt/intel/oneapi/advisor/2025.1/lib32/libtpsstool.so -server_name tpss_ipc.13534 -prd_dir /opt/intel/oneapi/advisor/2025.1 -- /home/ubuntu/yggdrasil-decision-forests/bazel-bin/examples/ariel_rf_train /home/ubuntu/yggdrasil-decision-forests/ariel_test_data/processed_wise1_data.csv Cancer Status tmp/ariel_dt_model
44 [128934419527616] INFO perfrun.launcher <> - ProcessCreator object was created
44 [128934419527616] INFO perfrun.launcher <> - Launcher: the process was started in suspend mode
49 [128934188418752] WARN perfrun.system <> - Could not do anything with /sys/kernel/debug/kvm: boost::filesystem::status: Permission denied [system:13]: "/sys/kernel/debug/kvm", at file: vcs/perfrun1/plugins/system/src/trace_writer.cpp:787
49 [128934188418752] WARN perfrun.system <> - Folder "/var/run/libvirt/qemu/"doesn't exist, at file: vcs/perfrun1/plugins/system/src/trace_writer.cpp:800
49 [128934188418752] WARN perfrun.sdk <> - SEP tool is not available, at file: vcs/perfrun1/plugins/pluginsdk/src/device_mapper.cpp:915
49 [128934188418752] WARN perfrun.sdk <> - SEP driver is not available, at file: vcs/perfrun1/plugins/pluginsdk/src/device_mapper.cpp:1083
49 [128934188418752] WARN perfrun.sdk <> - amplxe-perf tool is not available, at file: vcs/perfrun1/plugins/pluginsdk/src/device_mapper.cpp:932
49 [128934188418752] WARN perfrun.sdk <> - Device mapping through perf is not available on current kernel, at file: vcs/perfrun1/plugins/pluginsdk/src/device_mapper.cpp:1314
50 [128934188418752] WARN perfrun.sdk <> - SEP tool is not available, at file: vcs/perfrun1/plugins/pluginsdk/src/device_mapper.cpp:915
50 [128934188418752] WARN perfrun.sdk <> - SEP driver is not available, at file: vcs/perfrun1/plugins/pluginsdk/src/device_mapper.cpp:1083
50 [128934188418752] WARN perfrun.sdk <> - SEP tool is not available, at file: vcs/perfrun1/plugins/pluginsdk/src/device_mapper.cpp:915
50 [128934188418752] WARN perfrun.sdk <> - SEP driver is not available, at file: vcs/perfrun1/plugins/pluginsdk/src/device_mapper.cpp:1083
50 [128934188418752] WARN perfrun.sdk <> - amplxe-perf tool is not available, at file: vcs/perfrun1/plugins/pluginsdk/src/device_mapper.cpp:932
50 [128934188418752] WARN perfrun.sdk <> - Device mapping through perf is not available on current kernel, at file: vcs/perfrun1/plugins/pluginsdk/src/device_mapper.cpp:1314
50 [128934188418752] WARN perfrun.sdk <> - Failed to find xl binary on any of the system paths: /bin, /sbin, /usr/bin, /usr/sbin., at file: vcs/perfrun1/sdk/src/utils.cpp:205
53 [128934188418752] INFO perfrun.vdso <> - Helper runtool '/opt/intel/oneapi/advisor/2025.1/bin32/advixe-runss -dump-vdso -r /home/ubuntu/intel_advisor_profile_results/ariel_rf_1_tree_oblique/e000/hs000 --tmp-dir /tmp/advixe-tmp-ubuntu' returned 1
98 [128934188418752] INFO perfrun.vdso <> - Helper runtool '/opt/intel/oneapi/advisor/2025.1/bin64/advixe-runss -dump-vdso -r /home/ubuntu/intel_advisor_profile_results/ariel_rf_1_tree_oblique/e000/hs000 --tmp-dir /tmp/advixe-tmp-ubuntu' returned 0
98 [128934188418752] INFO perfrun.itt <> - start itt controller for pid #13539
98 [128934188418752] INFO perfrun.tpss <> - start tpss controller for pid #13539
148 [128934419527616] INFO perfrun.launcher <> - Launcher: all plugins were started
148 [128934419527616] INFO perfrun.launcher <> - DirectoryMonitor object was created
148 [128934419527616] INFO perfrun.launcher <> - DirectoryMonitor: a callback was added
148 [128934419527616] INFO perfrun.launcher <> - DirectoryMonitor was started with pingTime = 1000
148 [128934419527616] INFO perfrun.launcher <> - DeadlineTimer is going to be constructed
149 [128934419527616] INFO perfrun.launcher <> - DeadlineTimer: a callback was added
153 [128934419527616] INFO perfrun.launcher <> - Launcher: resume the profiled application and  wait its termination or stop command
62360 [128934419527616] INFO perfrun.launcher <> - Launcher: the profiled application was terminated  with exit code = 0
62363 [128934188418752] INFO perfrun.itt <> - detach itt controller
62363 [128934188418752] INFO perfrun.itt <> - detach itt controller done
62363 [128934188418752] INFO perfrun.tpss <> - stop tpss controller
62365 [128934188418752] INFO perfrun.sdk <> - De-allocating TMU: /home/ubuntu/intel_advisor_profile_results/ariel_rf_1_tree_oblique/e000/hs000/data.0/systemcollector-13534-ip-172-31-35-89.sc
62365 [128934188418752] INFO perfrun.system <> - closed the system trace file: /home/ubuntu/intel_advisor_profile_results/ariel_rf_1_tree_oblique/e000/hs000/data.0/systemcollector-13534-ip-172-31-35-89.sc
62365 [128934419527616] INFO perfrun.launcher <> - Launcher: all plugins were stopped.
62365 [128934419527616] INFO perfrun.launcher <> - DeadlineTimer is going to be destroyed
62365 [128934419527616] INFO perfrun.launcher <> - DeadlineTimer was destroyed
62366 [128934419527616] INFO perfrun.launcher <> - DirectoryMonitor object was destroyed
62366 [128934419527616] WARN perfrun.launcher <> - Stop command is ignored because it is received when collection is already stopped, at file: vcs/perfrun1/launcher/src/command_handler.cpp:226
62366 [128934419527616] INFO perfrun.launcher <> - Application exit code: 0
62366 [128934419527616] INFO perfrun.launcher <> - Exit code: 0
