1 [139946746895424] INFO perfrun.launcher <> - Launcher main begin
1 [139946746895424] INFO perfrun.launcher <> - MessageCatalogInit finished
1 [139946746895424] INFO perfrun.launcher <> - Launcher instance created
1 [139946746895424] INFO perfrun.launcher <> - argc = 7; cmdline = /home/ariel/intel/oneapi/advisor/2025.1/bin64/advixe-runss --ui-output-format xml --ui-output-fd 177 --option-file /home/ariel/yggdrasil-decision-forests/intel_advisor_profile_results/train/oblique/ariel_rf/e000/hs004/config/runss.options 
39 [139946746895424] INFO perfrun.launcher <> - create msngr2::ICliToolContext
39 [139946746895424] INFO perfrun.launcher <> - create file finder object
39 [139946746895424] INFO perfrun.launcher <> - create a result directory: pattern = /home/ariel/yggdrasil-decision-forests/intel_advisor_profile_results/train/oblique/ariel_rf/e000/hs004 pid = 4294967295
41 [139946746895424] INFO perfrun.sdk <> - checked that the directory /home/ariel/yggdrasil-decision-forests/intel_advisor_profile_results/train/oblique/ariel_rf/e000/hs004 is a local directory
41 [139946746895424] INFO perfrun.sdk <> - the directory /home/ariel/yggdrasil-decision-forests/intel_advisor_profile_results/train/oblique/ariel_rf/e000/hs004 is a local directory with FS type ID 61267
41 [139946746895424] INFO perfrun.launcher <> - create data directory = /home/ariel/yggdrasil-decision-forests/intel_advisor_profile_results/train/oblique/ariel_rf/e000/hs004/data.0
41 [139946746895424] INFO perfrun.launcher <> - Creating the master collection flag
48 [139946746895424] INFO perfrun.launcher <> - Done creating the master collection flag
49 [139946589415104] INFO perfrun.launcher <> - plugin [remoteplug] was disabled because it doesn't support the given collection type.
49 [139946589415104] INFO perfrun.sdk <> - Allocating TMU :/home/ariel/yggdrasil-decision-forests/intel_advisor_profile_results/train/oblique/ariel_rf/e000/hs004/data.0/systemcollector-51780-DESKTOP-VB7ASQL.sc
49 [139946589415104] INFO perfrun.launcher <> - plugin [] was disabled because it doesn't support the given collection type.
49 [139946589415104] INFO perfrun.launcher <> - plugin [gpu] was disabled because it doesn't support the given collection type.
49 [139946589415104] INFO perfrun.launcher <> - plugin [] was disabled because it doesn't support the given collection type.
49 [139946589415104] INFO perfrun.launcher <> - plugin [] was disabled because it doesn't support the given collection type.
49 [139946589415104] INFO perfrun.launcher <> - plugin [] was disabled because it doesn't support the given collection type.
49 [139946589415104] INFO perfrun.mrte <> - system-wide mode is 0
49 [139946589415104] INFO perfrun.mrte <> - Getting  mrte profiling environment ...
52 [139946589415104] INFO perfrun.mrte <> - INTEL_MRTE_DATA_DIR=/home/ariel/yggdrasil-decision-forests/intel_advisor_profile_results/train/oblique/ariel_rf/e000/hs004/data.0
52 [139946589415104] INFO perfrun.mrte <> - INTEL_MRTE_HOST_NAME=DESKTOP-VB7ASQL
52 [139946589415104] INFO perfrun.mrte <> - JAVA_TOOL_OPTIONS=-agentlib:advixe_samplingmrte_javaprof_1.0 -Dsun.boot.library.path=/home/ariel/intel/oneapi/advisor/2025.1/lib32/runtime:/home/ariel/intel/oneapi/advisor/2025.1/lib64/runtime
52 [139946589415104] INFO perfrun.mrte <> - LD_LIBRARY_PATH=/home/ariel/intel/oneapi/advisor/2025.1/lib32/runtime:/home/ariel/intel/oneapi/advisor/2025.1/lib64/runtime
52 [139946589415104] INFO perfrun.mrte <> - Data directory: /home/ariel/yggdrasil-decision-forests/intel_advisor_profile_results/train/oblique/ariel_rf/e000/hs004/data.0
52 [139946589415104] INFO perfrun.mrte <> - Mrte plugin is initialized
52 [139946589415104] INFO perfrun.launcher <> - plugin [] was disabled because it doesn't support the given collection type.
52 [139946589415104] INFO perfrun.launcher <> - plugin [] was disabled because it doesn't support the given collection type.
52 [139946589415104] INFO perfrun.launcher <> - plugin [] was disabled because it doesn't support the given collection type.
52 [139946589415104] INFO perfrun.launcher <> - plugin [] was disabled because it doesn't support the given collection type.
52 [139946589415104] INFO perfrun.launcher <> - plugin [] was disabled because it doesn't support the given collection type.
52 [139946589415104] INFO perfrun.launcher <> - plugin [] was disabled because it doesn't support the given collection type.
52 [139946589415104] INFO perfrun.launcher <> - plugin [] was disabled because it doesn't support the given collection type.
52 [139946589415104] INFO perfrun.tpss <> - initialize tpss controller
52 [139946589415104] INFO perfrun.tpss <> - configure collection mode: value = cpu:stack
52 [139946589415104] INFO perfrun.tpss <> - default obj-size-min=1024
52 [139946589415104] INFO perfrun.tpss <> - default hash-table-size=0
52 [139946589415104] INFO perfrun.launcher <> - plugin [] was disabled because it doesn't support the given collection type.
52 [139946589415104] INFO perfrun.launcher <> - plugin [] was disabled because it doesn't support the given collection type.
52 [139946589415104] INFO perfrun.launcher <> - plugin [] was disabled because it doesn't support the given collection type.
52 [139946589415104] INFO perfrun.launcher <> - plugin [] was disabled because it doesn't support the given collection type.
52 [139946589415104] INFO perfrun.launcher <> - plugin [] was disabled because it doesn't support the given collection type.
52 [139946589415104] INFO perfrun.launcher <> - plugin [] was disabled because it doesn't support the given collection type.
52 [139946589415104] INFO perfrun.launcher <> - plugin [] was disabled because it doesn't support the given collection type.
52 [139946589415104] INFO perfrun.launcher <> - plugin [] was disabled because it doesn't support the given collection type.
52 [139946589415104] INFO perfrun.launcher <> - plugin [] was disabled because it doesn't support the given collection type.
52 [139946589415104] INFO perfrun.launcher <> - plugin [] was disabled because it doesn't support the given collection type.
52 [139946746895424] INFO perfrun.launcher <> - set environment variable: LD_LIBRARY_PATH = /home/ariel/intel/oneapi/advisor/2025.1/lib32/runtime:/home/ariel/intel/oneapi/advisor/2025.1/lib64/runtime
53 [139946746895424] INFO perfrun.launcher <> - set environment variable: INTEL_LIBITTNOTIFY32 = /home/ariel/intel/oneapi/advisor/2025.1/lib32/runtime/libittnotify_collector.so
53 [139946746895424] INFO perfrun.launcher <> - set environment variable: INTEL_LIBITTNOTIFY64 = /home/ariel/intel/oneapi/advisor/2025.1/lib64/runtime/libittnotify_collector.so
53 [139946746895424] INFO perfrun.launcher <> - set environment variable: INTEL_ITTNOTIFY_GROUPS = 
53 [139946746895424] INFO perfrun.launcher <> - set environment variable: INTEL_JIT_PROFILER32 = /home/ariel/intel/oneapi/advisor/2025.1/lib32/runtime/libittnotify_collector.so
54 [139946746895424] INFO perfrun.launcher <> - set environment variable: INTEL_JIT_PROFILER64 = /home/ariel/intel/oneapi/advisor/2025.1/lib64/runtime/libittnotify_collector.so
54 [139946746895424] INFO perfrun.launcher <> - set environment variable: CCL_ITT_LEVEL = 1
54 [139946746895424] INFO perfrun.launcher <> - set environment variable: ENABLE_JITPROFILING = 1
54 [139946746895424] INFO perfrun.launcher <> - set environment variable: CL_CONFIG_USE_VTUNE = True
54 [139946746895424] INFO perfrun.launcher <> - set environment variable: KMP_FORKJOIN_FRAMES = 0
54 [139946746895424] INFO perfrun.launcher <> - set environment variable: KMP_FORKJOIN_FRAMES_MODE = 0
55 [139946746895424] INFO perfrun.launcher <> - set environment variable: INTEL_MRTE_DATA_DIR = /home/ariel/yggdrasil-decision-forests/intel_advisor_profile_results/train/oblique/ariel_rf/e000/hs004/data.0
55 [139946746895424] INFO perfrun.launcher <> - set environment variable: INTEL_MRTE_HOST_NAME = DESKTOP-VB7ASQL
55 [139946746895424] INFO perfrun.launcher <> - set environment variable: JAVA_TOOL_OPTIONS = -agentlib:advixe_samplingmrte_javaprof_1.0 -Dsun.boot.library.path=/home/ariel/intel/oneapi/advisor/2025.1/lib32/runtime:/home/ariel/intel/oneapi/advisor/2025.1/lib64/runtime
55 [139946746895424] INFO perfrun.launcher <> - set environment variable: LD_LIBRARY_PATH = /home/ariel/intel/oneapi/advisor/2025.1/lib32/runtime:/home/ariel/intel/oneapi/advisor/2025.1/lib64/runtime
56 [139946746895424] INFO perfrun.launcher <> - RpcServer: run RPC server to handle requests
56 [139946746895424] INFO perfrun.launcher <> - Launcher: command line to start before modification = ./bazel-bin/examples/ariel_rf_train ./ariel_test_data/processed_wise1_data.csv Cancer Status tmp/ariel_rf
56 [139946746895424] INFO perfrun.launcher <> - Launcher: command line to start after modification = /home/ariel/intel/oneapi/advisor/2025.1/bin64/pin -error_file /home/ariel/yggdrasil-decision-forests/intel_advisor_profile_results/train/oblique/ariel_rf/e000/hs004/data.0/pinerr.tpsslog -detach_reattach -follow_execv -tool_load_option deepbind -t64 /home/ariel/intel/oneapi/advisor/2025.1/lib64/libtpsstool.so -t /home/ariel/intel/oneapi/advisor/2025.1/lib32/libtpsstool.so -server_name tpss_ipc.51780 -prd_dir /home/ariel/intel/oneapi/advisor/2025.1 -- ./bazel-bin/examples/ariel_rf_train ./ariel_test_data/processed_wise1_data.csv Cancer Status tmp/ariel_rf
56 [139946746895424] INFO perfrun.launcher <> - ProcessCreator object was created
57 [139946746895424] INFO perfrun.launcher <> - Launcher: the process was started in suspend mode
58 [139946589415104] WARN perfrun.system <> - Could not do anything with /sys/kernel/debug/kvm: boost::filesystem::status: Permission denied [system:13]: "/sys/kernel/debug/kvm", at file: vcs/perfrun1/plugins/system/src/trace_writer.cpp:787
58 [139946589415104] WARN perfrun.system <> - Folder "/var/run/libvirt/qemu/"doesn't exist, at file: vcs/perfrun1/plugins/system/src/trace_writer.cpp:800
59 [139946589415104] WARN perfrun.sdk <> - Failed to find xl binary on any of the system paths: /bin, /sbin, /usr/bin, /usr/sbin., at file: vcs/perfrun1/sdk/src/utils.cpp:205
62 [139946589415104] INFO perfrun.vdso <> - Helper runtool '/home/ariel/intel/oneapi/advisor/2025.1/bin32/advixe-runss -dump-vdso -r /home/ariel/yggdrasil-decision-forests/intel_advisor_profile_results/train/oblique/ariel_rf/e000/hs004 --tmp-dir /tmp/advixe-tmp-ariel' returned 1
106 [139946589415104] INFO perfrun.vdso <> - Helper runtool '/home/ariel/intel/oneapi/advisor/2025.1/bin64/advixe-runss -dump-vdso -r /home/ariel/yggdrasil-decision-forests/intel_advisor_profile_results/train/oblique/ariel_rf/e000/hs004 --tmp-dir /tmp/advixe-tmp-ariel' returned 0
106 [139946589415104] INFO perfrun.itt <> - start itt controller for pid #51792
106 [139946589415104] INFO perfrun.tpss <> - start tpss controller for pid #51792
157 [139946746895424] INFO perfrun.launcher <> - Launcher: all plugins were started
157 [139946746895424] INFO perfrun.launcher <> - DirectoryMonitor object was created
157 [139946746895424] INFO perfrun.launcher <> - DirectoryMonitor: a callback was added
157 [139946746895424] INFO perfrun.launcher <> - DirectoryMonitor was started with pingTime = 1000
157 [139946746895424] INFO perfrun.launcher <> - DeadlineTimer is going to be constructed
157 [139946746895424] INFO perfrun.launcher <> - DeadlineTimer: a callback was added
163 [139946746895424] INFO perfrun.launcher <> - Launcher: resume the profiled application and  wait its termination or stop command
4260 [139946746895424] INFO perfrun.launcher <> - Launcher: the profiled application was terminated  with exit code = 1
4262 [139946589415104] INFO perfrun.itt <> - detach itt controller
4262 [139946589415104] INFO perfrun.itt <> - detach itt controller done
4262 [139946589415104] INFO perfrun.tpss <> - stop tpss controller
4262 [139946589415104] INFO perfrun.sdk <> - De-allocating TMU: /home/ariel/yggdrasil-decision-forests/intel_advisor_profile_results/train/oblique/ariel_rf/e000/hs004/data.0/systemcollector-51780-DESKTOP-VB7ASQL.sc
4262 [139946589415104] INFO perfrun.system <> - closed the system trace file: /home/ariel/yggdrasil-decision-forests/intel_advisor_profile_results/train/oblique/ariel_rf/e000/hs004/data.0/systemcollector-51780-DESKTOP-VB7ASQL.sc
4262 [139946746895424] INFO perfrun.launcher <> - Launcher: all plugins were stopped.
4262 [139946746895424] INFO perfrun.launcher <> - DeadlineTimer is going to be destroyed
4262 [139946746895424] INFO perfrun.launcher <> - DeadlineTimer was destroyed
4263 [139946746895424] INFO perfrun.launcher <> - DirectoryMonitor object was destroyed
4263 [139946746895424] WARN perfrun.launcher <> - Stop command is ignored because it is received when collection is already stopped, at file: vcs/perfrun1/launcher/src/command_handler.cpp:226
4263 [139946746895424] INFO perfrun.launcher <> - Application exit code: 1
4263 [139946746895424] INFO perfrun.launcher <> - Exit code: 1
