0 [131666077554624] INFO perfrun.launcher <> - Launcher main begin
1 [131666077554624] INFO perfrun.launcher <> - MessageCatalogInit finished
1 [131666077554624] INFO perfrun.launcher <> - Launcher instance created
1 [131666077554624] INFO perfrun.launcher <> - argc = 7; cmdline = /opt/intel/oneapi/advisor/2025.1/bin64/advixe-runss --ui-output-format xml --ui-output-fd 6 --option-file /home/ubuntu/intel_advisor_projects/ariel_dt_default_params/e000/hs000/config/runss.options 
27 [131666077554624] INFO perfrun.launcher <> - create msngr2::ICliToolContext
27 [131666077554624] INFO perfrun.launcher <> - create file finder object
28 [131666077554624] INFO perfrun.launcher <> - create a result directory: pattern = /home/ubuntu/intel_advisor_projects/ariel_dt_default_params/e000/hs000 pid = 4294967295
28 [131666077554624] INFO perfrun.sdk <> - checked that the directory /home/ubuntu/intel_advisor_projects/ariel_dt_default_params/e000/hs000 is a local directory
28 [131666077554624] INFO perfrun.sdk <> - the directory /home/ubuntu/intel_advisor_projects/ariel_dt_default_params/e000/hs000 is a local directory with FS type ID 61267
29 [131666077554624] INFO perfrun.launcher <> - create data directory = /home/ubuntu/intel_advisor_projects/ariel_dt_default_params/e000/hs000/data.0
29 [131666077554624] INFO perfrun.launcher <> - Creating the master collection flag
31 [131666077554624] INFO perfrun.launcher <> - Done creating the master collection flag
32 [131665846339264] INFO perfrun.launcher <> - plugin [remoteplug] was disabled because it doesn't support the given collection type.
32 [131665846339264] INFO perfrun.sdk <> - Allocating TMU :/home/ubuntu/intel_advisor_projects/ariel_dt_default_params/e000/hs000/data.0/systemcollector-23992-ip-172-31-35-89.sc
32 [131665846339264] INFO perfrun.launcher <> - plugin [] was disabled because it doesn't support the given collection type.
32 [131665846339264] INFO perfrun.launcher <> - plugin [gpu] was disabled because it doesn't support the given collection type.
32 [131665846339264] INFO perfrun.launcher <> - plugin [] was disabled because it doesn't support the given collection type.
32 [131665846339264] INFO perfrun.launcher <> - plugin [] was disabled because it doesn't support the given collection type.
32 [131665846339264] INFO perfrun.launcher <> - plugin [] was disabled because it doesn't support the given collection type.
32 [131665846339264] INFO perfrun.mrte <> - system-wide mode is 0
32 [131665846339264] INFO perfrun.mrte <> - Getting  mrte profiling environment ...
41 [131665846339264] INFO perfrun.mrte <> - INTEL_MRTE_DATA_DIR=/home/ubuntu/intel_advisor_projects/ariel_dt_default_params/e000/hs000/data.0
41 [131665846339264] INFO perfrun.mrte <> - INTEL_MRTE_HOST_NAME=ip-172-31-35-89
41 [131665846339264] INFO perfrun.mrte <> - JAVA_TOOL_OPTIONS=-agentlib:advixe_samplingmrte_javaprof_1.0 -Dsun.boot.library.path=/opt/intel/oneapi/advisor/2025.1/lib32/runtime:/opt/intel/oneapi/advisor/2025.1/lib64/runtime
41 [131665846339264] INFO perfrun.mrte <> - LD_LIBRARY_PATH=/opt/intel/oneapi/advisor/2025.1/lib32/runtime:/opt/intel/oneapi/advisor/2025.1/lib64/runtime:/opt/intel/oneapi/tcm/1.3/lib:/opt/intel/oneapi/umf/0.10/lib:/opt/intel/oneapi/tbb/2022.1/env/../lib/intel64/gcc4.8:/opt/intel/oneapi/pti/0.11/lib:/opt/intel/oneapi/mpi/2021.15/opt/mpi/libfabric/lib:/opt/intel/oneapi/mpi/2021.15/lib:/opt/intel/oneapi/mkl/2025.1/lib:/opt/intel/oneapi/ippcp/2025.1/lib/:/opt/intel/oneapi/ipp/2022.1/lib:/opt/intel/oneapi/dnnl/2025.1/lib:/opt/intel/oneapi/debugger/2025.1/opt/debugger/lib:/opt/intel/oneapi/dal/2025.4/lib:/opt/intel/oneapi/compiler/2025.1/opt/compiler/lib:/opt/intel/oneapi/compiler/2025.1/lib:/opt/intel/oneapi/ccl/2021.15/lib/
41 [131665846339264] INFO perfrun.mrte <> - Data directory: /home/ubuntu/intel_advisor_projects/ariel_dt_default_params/e000/hs000/data.0
41 [131665846339264] INFO perfrun.mrte <> - Mrte plugin is initialized
41 [131665846339264] INFO perfrun.launcher <> - plugin [] was disabled because it doesn't support the given collection type.
41 [131665846339264] INFO perfrun.launcher <> - plugin [] was disabled because it doesn't support the given collection type.
41 [131665846339264] INFO perfrun.launcher <> - plugin [] was disabled because it doesn't support the given collection type.
41 [131665846339264] INFO perfrun.launcher <> - plugin [] was disabled because it doesn't support the given collection type.
41 [131665846339264] INFO perfrun.launcher <> - plugin [] was disabled because it doesn't support the given collection type.
41 [131665846339264] INFO perfrun.launcher <> - plugin [] was disabled because it doesn't support the given collection type.
41 [131665846339264] INFO perfrun.launcher <> - plugin [] was disabled because it doesn't support the given collection type.
41 [131665846339264] INFO perfrun.tpss <> - initialize tpss controller
41 [131665846339264] INFO perfrun.tpss <> - configure collection mode: value = cpu:stack
41 [131665846339264] INFO perfrun.tpss <> - default obj-size-min=1024
41 [131665846339264] INFO perfrun.tpss <> - default hash-table-size=0
41 [131665846339264] INFO perfrun.launcher <> - plugin [] was disabled because it doesn't support the given collection type.
41 [131665846339264] INFO perfrun.launcher <> - plugin [] was disabled because it doesn't support the given collection type.
41 [131665846339264] INFO perfrun.launcher <> - plugin [] was disabled because it doesn't support the given collection type.
41 [131665846339264] INFO perfrun.launcher <> - plugin [] was disabled because it doesn't support the given collection type.
41 [131665846339264] INFO perfrun.launcher <> - plugin [] was disabled because it doesn't support the given collection type.
41 [131665846339264] INFO perfrun.launcher <> - plugin [] was disabled because it doesn't support the given collection type.
41 [131665846339264] INFO perfrun.launcher <> - plugin [] was disabled because it doesn't support the given collection type.
41 [131665846339264] INFO perfrun.launcher <> - plugin [] was disabled because it doesn't support the given collection type.
41 [131665846339264] INFO perfrun.launcher <> - plugin [] was disabled because it doesn't support the given collection type.
41 [131665846339264] INFO perfrun.launcher <> - plugin [] was disabled because it doesn't support the given collection type.
42 [131666077554624] INFO perfrun.launcher <> - set environment variable: LD_LIBRARY_PATH = /opt/intel/oneapi/advisor/2025.1/lib32/runtime:/opt/intel/oneapi/advisor/2025.1/lib64/runtime:/opt/intel/oneapi/tcm/1.3/lib:/opt/intel/oneapi/umf/0.10/lib:/opt/intel/oneapi/tbb/2022.1/env/../lib/intel64/gcc4.8:/opt/intel/oneapi/pti/0.11/lib:/opt/intel/oneapi/mpi/2021.15/opt/mpi/libfabric/lib:/opt/intel/oneapi/mpi/2021.15/lib:/opt/intel/oneapi/mkl/2025.1/lib:/opt/intel/oneapi/ippcp/2025.1/lib/:/opt/intel/oneapi/ipp/2022.1/lib:/opt/intel/oneapi/dnnl/2025.1/lib:/opt/intel/oneapi/debugger/2025.1/opt/debugger/lib:/opt/intel/oneapi/dal/2025.4/lib:/opt/intel/oneapi/compiler/2025.1/opt/compiler/lib:/opt/intel/oneapi/compiler/2025.1/lib:/opt/intel/oneapi/ccl/2021.15/lib/
42 [131666077554624] INFO perfrun.launcher <> - set environment variable: INTEL_LIBITTNOTIFY32 = /opt/intel/oneapi/advisor/2025.1/lib32/runtime/libittnotify_collector.so
42 [131666077554624] INFO perfrun.launcher <> - set environment variable: INTEL_LIBITTNOTIFY64 = /opt/intel/oneapi/advisor/2025.1/lib64/runtime/libittnotify_collector.so
42 [131666077554624] INFO perfrun.launcher <> - set environment variable: INTEL_ITTNOTIFY_GROUPS = 
42 [131666077554624] INFO perfrun.launcher <> - set environment variable: INTEL_JIT_PROFILER32 = /opt/intel/oneapi/advisor/2025.1/lib32/runtime/libittnotify_collector.so
42 [131666077554624] INFO perfrun.launcher <> - set environment variable: INTEL_JIT_PROFILER64 = /opt/intel/oneapi/advisor/2025.1/lib64/runtime/libittnotify_collector.so
42 [131666077554624] INFO perfrun.launcher <> - set environment variable: CCL_ITT_LEVEL = 1
42 [131666077554624] INFO perfrun.launcher <> - set environment variable: ENABLE_JITPROFILING = 1
42 [131666077554624] INFO perfrun.launcher <> - set environment variable: CL_CONFIG_USE_VTUNE = True
42 [131666077554624] INFO perfrun.launcher <> - set environment variable: KMP_FORKJOIN_FRAMES = 0
42 [131666077554624] INFO perfrun.launcher <> - set environment variable: KMP_FORKJOIN_FRAMES_MODE = 0
42 [131666077554624] INFO perfrun.launcher <> - set environment variable: INTEL_MRTE_DATA_DIR = /home/ubuntu/intel_advisor_projects/ariel_dt_default_params/e000/hs000/data.0
42 [131666077554624] INFO perfrun.launcher <> - set environment variable: INTEL_MRTE_HOST_NAME = ip-172-31-35-89
42 [131666077554624] INFO perfrun.launcher <> - set environment variable: JAVA_TOOL_OPTIONS = -agentlib:advixe_samplingmrte_javaprof_1.0 -Dsun.boot.library.path=/opt/intel/oneapi/advisor/2025.1/lib32/runtime:/opt/intel/oneapi/advisor/2025.1/lib64/runtime
42 [131666077554624] INFO perfrun.launcher <> - set environment variable: LD_LIBRARY_PATH = /opt/intel/oneapi/advisor/2025.1/lib32/runtime:/opt/intel/oneapi/advisor/2025.1/lib64/runtime:/opt/intel/oneapi/tcm/1.3/lib:/opt/intel/oneapi/umf/0.10/lib:/opt/intel/oneapi/tbb/2022.1/env/../lib/intel64/gcc4.8:/opt/intel/oneapi/pti/0.11/lib:/opt/intel/oneapi/mpi/2021.15/opt/mpi/libfabric/lib:/opt/intel/oneapi/mpi/2021.15/lib:/opt/intel/oneapi/mkl/2025.1/lib:/opt/intel/oneapi/ippcp/2025.1/lib/:/opt/intel/oneapi/ipp/2022.1/lib:/opt/intel/oneapi/dnnl/2025.1/lib:/opt/intel/oneapi/debugger/2025.1/opt/debugger/lib:/opt/intel/oneapi/dal/2025.4/lib:/opt/intel/oneapi/compiler/2025.1/opt/compiler/lib:/opt/intel/oneapi/compiler/2025.1/lib:/opt/intel/oneapi/ccl/2021.15/lib/
42 [131666077554624] INFO perfrun.launcher <> - RpcServer: run RPC server to handle requests
43 [131666077554624] INFO perfrun.launcher <> - Launcher: command line to start before modification = /home/ubuntu/yggdrasil-decision-forests/bazel-bin/examples/ariel_rf_train /home/ubuntu/yggdrasil-decision-forests/ariel_test_data/processed_wise1_data.csv Cancer Status tmp/ariel_dt_model
43 [131666077554624] INFO perfrun.launcher <> - Launcher: command line to start after modification = /opt/intel/oneapi/advisor/2025.1/bin64/pin -error_file /home/ubuntu/intel_advisor_projects/ariel_dt_default_params/e000/hs000/data.0/pinerr.tpsslog -detach_reattach -follow_execv -tool_load_option deepbind -t64 /opt/intel/oneapi/advisor/2025.1/lib64/libtpsstool.so -t /opt/intel/oneapi/advisor/2025.1/lib32/libtpsstool.so -server_name tpss_ipc.23992 -prd_dir /opt/intel/oneapi/advisor/2025.1 -- /home/ubuntu/yggdrasil-decision-forests/bazel-bin/examples/ariel_rf_train /home/ubuntu/yggdrasil-decision-forests/ariel_test_data/processed_wise1_data.csv Cancer Status tmp/ariel_dt_model
43 [131666077554624] INFO perfrun.launcher <> - ProcessCreator object was created
44 [131666077554624] INFO perfrun.launcher <> - Launcher: the process was started in suspend mode
46 [131665846339264] WARN perfrun.system <> - Could not do anything with /sys/kernel/debug/kvm: boost::filesystem::status: Permission denied [system:13]: "/sys/kernel/debug/kvm", at file: vcs/perfrun1/plugins/system/src/trace_writer.cpp:787
46 [131665846339264] WARN perfrun.system <> - Folder "/var/run/libvirt/qemu/"doesn't exist, at file: vcs/perfrun1/plugins/system/src/trace_writer.cpp:800
47 [131665846339264] WARN perfrun.sdk <> - SEP tool is not available, at file: vcs/perfrun1/plugins/pluginsdk/src/device_mapper.cpp:915
47 [131665846339264] WARN perfrun.sdk <> - SEP driver is not available, at file: vcs/perfrun1/plugins/pluginsdk/src/device_mapper.cpp:1083
47 [131665846339264] WARN perfrun.sdk <> - amplxe-perf tool is not available, at file: vcs/perfrun1/plugins/pluginsdk/src/device_mapper.cpp:932
47 [131665846339264] WARN perfrun.sdk <> - Device mapping through perf is not available on current kernel, at file: vcs/perfrun1/plugins/pluginsdk/src/device_mapper.cpp:1314
48 [131665846339264] WARN perfrun.sdk <> - SEP tool is not available, at file: vcs/perfrun1/plugins/pluginsdk/src/device_mapper.cpp:915
48 [131665846339264] WARN perfrun.sdk <> - SEP driver is not available, at file: vcs/perfrun1/plugins/pluginsdk/src/device_mapper.cpp:1083
48 [131665846339264] WARN perfrun.sdk <> - SEP tool is not available, at file: vcs/perfrun1/plugins/pluginsdk/src/device_mapper.cpp:915
48 [131665846339264] WARN perfrun.sdk <> - SEP driver is not available, at file: vcs/perfrun1/plugins/pluginsdk/src/device_mapper.cpp:1083
48 [131665846339264] WARN perfrun.sdk <> - amplxe-perf tool is not available, at file: vcs/perfrun1/plugins/pluginsdk/src/device_mapper.cpp:932
48 [131665846339264] WARN perfrun.sdk <> - Device mapping through perf is not available on current kernel, at file: vcs/perfrun1/plugins/pluginsdk/src/device_mapper.cpp:1314
48 [131665846339264] WARN perfrun.sdk <> - Failed to find xl binary on any of the system paths: /bin, /sbin, /usr/bin, /usr/sbin., at file: vcs/perfrun1/sdk/src/utils.cpp:205
51 [131665846339264] INFO perfrun.vdso <> - Helper runtool '/opt/intel/oneapi/advisor/2025.1/bin32/advixe-runss -dump-vdso -r /home/ubuntu/intel_advisor_projects/ariel_dt_default_params/e000/hs000 --tmp-dir /tmp/advixe-tmp-ubuntu' returned 1
96 [131665846339264] INFO perfrun.vdso <> - Helper runtool '/opt/intel/oneapi/advisor/2025.1/bin64/advixe-runss -dump-vdso -r /home/ubuntu/intel_advisor_projects/ariel_dt_default_params/e000/hs000 --tmp-dir /tmp/advixe-tmp-ubuntu' returned 0
96 [131665846339264] INFO perfrun.itt <> - start itt controller for pid #23997
96 [131665846339264] INFO perfrun.tpss <> - start tpss controller for pid #23997
147 [131666077554624] INFO perfrun.launcher <> - Launcher: all plugins were started
147 [131666077554624] INFO perfrun.launcher <> - DirectoryMonitor object was created
147 [131666077554624] INFO perfrun.launcher <> - DirectoryMonitor: a callback was added
147 [131666077554624] INFO perfrun.launcher <> - DirectoryMonitor was started with pingTime = 1000
147 [131666077554624] INFO perfrun.launcher <> - DeadlineTimer is going to be constructed
147 [131666077554624] INFO perfrun.launcher <> - DeadlineTimer: a callback was added
152 [131666077554624] INFO perfrun.launcher <> - Launcher: resume the profiled application and  wait its termination or stop command
13561 [131666077554624] INFO perfrun.launcher <> - Launcher: the profiled application was terminated  with exit code = 1
13564 [131665846339264] INFO perfrun.itt <> - detach itt controller
13564 [131665846339264] INFO perfrun.itt <> - detach itt controller done
13564 [131665846339264] INFO perfrun.tpss <> - stop tpss controller
13565 [131665846339264] INFO perfrun.sdk <> - De-allocating TMU: /home/ubuntu/intel_advisor_projects/ariel_dt_default_params/e000/hs000/data.0/systemcollector-23992-ip-172-31-35-89.sc
13565 [131665846339264] INFO perfrun.system <> - closed the system trace file: /home/ubuntu/intel_advisor_projects/ariel_dt_default_params/e000/hs000/data.0/systemcollector-23992-ip-172-31-35-89.sc
13565 [131666077554624] INFO perfrun.launcher <> - Launcher: all plugins were stopped.
13565 [131666077554624] INFO perfrun.launcher <> - DeadlineTimer is going to be destroyed
13565 [131666077554624] INFO perfrun.launcher <> - DeadlineTimer was destroyed
13565 [131666077554624] INFO perfrun.launcher <> - DirectoryMonitor object was destroyed
13565 [131666077554624] WARN perfrun.launcher <> - Stop command is ignored because it is received when collection is already stopped, at file: vcs/perfrun1/launcher/src/command_handler.cpp:226
13566 [131666077554624] INFO perfrun.launcher <> - Application exit code: 1
13566 [131666077554624] INFO perfrun.launcher <> - Exit code: 4
