0 [136101632645056] INFO perfrun.launcher <> - Launcher main begin
1 [136101632645056] INFO perfrun.launcher <> - MessageCatalogInit finished
1 [136101632645056] INFO perfrun.launcher <> - Launcher instance created
1 [136101632645056] INFO perfrun.launcher <> - argc = 6; cmdline = /opt/intel/oneapi/advisor/2025.1/bin64/advixe-runss -dump-vdso -r /home/ubuntu/intel_advisor_projects/ariel_dt_default_params/e000/hs000 --tmp-dir /tmp/advixe-tmp-ubuntu 
29 [136101632645056] INFO perfrun.launcher <> - create msngr2::ICliToolContext
29 [136101632645056] INFO perfrun.launcher <> - create file finder object
30 [136101402511040] INFO perfrun.launcher <> - plugin [remoteplug] was disabled because it doesn't support the given collection type.
30 [136101402511040] INFO perfrun.launcher <> - plugin [system] was disabled because it doesn't support the given collection type.
30 [136101402511040] INFO perfrun.vdso <> - dumping [vdso] pseudomodule
31 [136101402511040] INFO perfrun.launcher <> - plugin [itt] was disabled because it doesn't support the given collection type.
31 [136101402511040] INFO perfrun.launcher <> - plugin [] was disabled because it doesn't support the given collection type.
31 [136101402511040] INFO perfrun.launcher <> - plugin [gpu] was disabled because it doesn't support the given collection type.
31 [136101402511040] INFO perfrun.launcher <> - plugin [] was disabled because it doesn't support the given collection type.
31 [136101402511040] INFO perfrun.launcher <> - plugin [] was disabled because it doesn't support the given collection type.
31 [136101402511040] INFO perfrun.launcher <> - plugin [] was disabled because it doesn't support the given collection type.
31 [136101402511040] INFO perfrun.launcher <> - plugin [mrte] was disabled because it doesn't support the given collection type.
31 [136101402511040] INFO perfrun.launcher <> - plugin [] was disabled because it doesn't support the given collection type.
31 [136101402511040] INFO perfrun.launcher <> - plugin [] was disabled because it doesn't support the given collection type.
31 [136101402511040] INFO perfrun.launcher <> - plugin [] was disabled because it doesn't support the given collection type.
31 [136101402511040] INFO perfrun.launcher <> - plugin [] was disabled because it doesn't support the given collection type.
31 [136101402511040] INFO perfrun.launcher <> - plugin [] was disabled because it doesn't support the given collection type.
31 [136101402511040] INFO perfrun.launcher <> - plugin [] was disabled because it doesn't support the given collection type.
31 [136101402511040] INFO perfrun.launcher <> - plugin [] was disabled because it doesn't support the given collection type.
31 [136101402511040] INFO perfrun.launcher <> - plugin [tpss] was disabled because it doesn't support the given collection type.
31 [136101402511040] INFO perfrun.launcher <> - plugin [] was disabled because it doesn't support the given collection type.
31 [136101402511040] INFO perfrun.launcher <> - plugin [] was disabled because it doesn't support the given collection type.
31 [136101402511040] INFO perfrun.launcher <> - plugin [] was disabled because it doesn't support the given collection type.
31 [136101402511040] INFO perfrun.launcher <> - plugin [] was disabled because it doesn't support the given collection type.
31 [136101402511040] INFO perfrun.launcher <> - plugin [] was disabled because it doesn't support the given collection type.
31 [136101402511040] INFO perfrun.launcher <> - plugin [] was disabled because it doesn't support the given collection type.
31 [136101402511040] INFO perfrun.launcher <> - plugin [] was disabled because it doesn't support the given collection type.
31 [136101402511040] INFO perfrun.launcher <> - plugin [] was disabled because it doesn't support the given collection type.
31 [136101402511040] INFO perfrun.launcher <> - plugin [] was disabled because it doesn't support the given collection type.
31 [136101402511040] INFO perfrun.launcher <> - plugin [] was disabled because it doesn't support the given collection type.
31 [136101632645056] INFO perfrun.launcher <> - Application exit code: 0
31 [136101632645056] INFO perfrun.launcher <> - Exit code: 0
