<?xml version="1.0" encoding="utf-8"?>
<log version="1.0" tool="runtool">

<msg id="1" tool="runtool">
  <type>log-start</type>
  <arg>2025/04/14 21:54:22</arg>
</msg>
<msg id="2" tool="runtool">
  <type>collector-starts</type>
</msg>
<msg id="3" tool="runtool">
  <type>marker-file</type>
  <arg>/home/ubuntu/intel_advisor_projects/ariel_rf_train_roofline_100_trees/e000/mp000/mp000.advixe</arg>
</msg>
<msg id="4" tool="tc">
  <type>START</type>
  <severity>INFO</severity>
  <timestamp>Mon Apr 14 21:54:22 2025</timestamp>
</msg>
<msg id="5" tool="tc">
  <type>EXEC_OF_INTEREST</type>
  <arg>/home/ubuntu/.cache/bazel/_bazel_ubuntu/ba63757d3d9650f10c550bb70f652548/execroot/yggdrasil_decision_forests/bazel-out/k8-dbg/bin/examples/ariel_rf_train</arg>
  <arg>46539</arg>
  <severity>INFO</severity>
  <timestamp>Mon Apr 14 21:54:22 2025</timestamp>
</msg>
<msg id="6" tool="tc">
  <type>LOAD_MODULE</type>
  <arg>/home/ubuntu/.cache/bazel/_bazel_ubuntu/ba63757d3d9650f10c550bb70f652548/execroot/yggdrasil_decision_forests/bazel-out/k8-dbg/bin/examples/ariel_rf_train</arg>
  <arg>0x652012035000</arg>
  <arg>0x6520132703ff</arg>
  <arg>1</arg>
  <severity>INFO</severity>
  <timestamp>Mon Apr 14 21:54:26 2025</timestamp>
</msg>
<msg id="7" tool="tc">
  <type>LOAD_MODULE</type>
  <arg>/lib64/ld-linux-x86-64.so.2</arg>
  <arg>0x7e30fec87000</arg>
  <arg>0x7e30fecc02d7</arg>
  <arg>2</arg>
  <severity>INFO</severity>
  <timestamp>Mon Apr 14 21:54:28 2025</timestamp>
</msg>
<msg id="8" tool="tc">
  <type>LOAD_MODULE</type>
  <arg>[vdso]</arg>
  <arg>0x7fff5a275000</arg>
  <arg>0x7fff5a2760aa</arg>
  <arg>3</arg>
  <severity>INFO</severity>
  <timestamp>Mon Apr 14 21:54:28 2025</timestamp>
</msg>
<msg id="9" tool="tc">
  <type>LOAD_MODULE</type>
  <arg>/lib/x86_64-linux-gnu/libm.so.6</arg>
  <arg>0x7e30e926f000</arg>
  <arg>0x7e30e9357017</arg>
  <arg>4</arg>
  <severity>INFO</severity>
  <timestamp>Mon Apr 14 21:54:29 2025</timestamp>
</msg>
<msg id="10" tool="tc">
  <type>LOAD_MODULE</type>
  <arg>/lib/x86_64-linux-gnu/libstdc++.so.6</arg>
  <arg>0x7e30e8e00000</arg>
  <arg>0x7e30e907d13f</arg>
  <arg>5</arg>
  <severity>INFO</severity>
  <timestamp>Mon Apr 14 21:54:29 2025</timestamp>
</msg>
<msg id="11" tool="tc">
  <type>LOAD_MODULE</type>
  <arg>/lib/x86_64-linux-gnu/libgcc_s.so.1</arg>
  <arg>0x7e30e90e0000</arg>
  <arg>0x7e30e910d3a7</arg>
  <arg>6</arg>
  <severity>INFO</severity>
  <timestamp>Mon Apr 14 21:54:29 2025</timestamp>
</msg>
<msg id="12" tool="tc">
  <type>LOAD_MODULE</type>
  <arg>/lib/x86_64-linux-gnu/libc.so.6</arg>
  <arg>0x7e30e8a00000</arg>
  <arg>0x7e30e8c11d8f</arg>
  <arg>7</arg>
  <severity>INFO</severity>
  <timestamp>Mon Apr 14 21:54:29 2025</timestamp>
</msg>
<msg id="13" tool="tc">
  <type>UNLOAD_MODULE</type>
  <arg>/home/ubuntu/.cache/bazel/_bazel_ubuntu/ba63757d3d9650f10c550bb70f652548/execroot/yggdrasil_decision_forests/bazel-out/k8-dbg/bin/examples/ariel_rf_train</arg>
  <arg>1</arg>
  <severity>INFO</severity>
  <timestamp>Mon Apr 14 22:01:20 2025</timestamp>
</msg>
<msg id="14" tool="tc">
  <type>UNLOAD_MODULE</type>
  <arg>/lib64/ld-linux-x86-64.so.2</arg>
  <arg>2</arg>
  <severity>INFO</severity>
  <timestamp>Mon Apr 14 22:01:20 2025</timestamp>
</msg>
<msg id="15" tool="tc">
  <type>UNLOAD_MODULE</type>
  <arg>[vdso]</arg>
  <arg>3</arg>
  <severity>INFO</severity>
  <timestamp>Mon Apr 14 22:01:20 2025</timestamp>
</msg>
<msg id="16" tool="tc">
  <type>UNLOAD_MODULE</type>
  <arg>/lib/x86_64-linux-gnu/libm.so.6</arg>
  <arg>4</arg>
  <severity>INFO</severity>
  <timestamp>Mon Apr 14 22:01:20 2025</timestamp>
</msg>
<msg id="17" tool="tc">
  <type>UNLOAD_MODULE</type>
  <arg>/lib/x86_64-linux-gnu/libstdc++.so.6</arg>
  <arg>5</arg>
  <severity>INFO</severity>
  <timestamp>Mon Apr 14 22:01:20 2025</timestamp>
</msg>
<msg id="18" tool="tc">
  <type>UNLOAD_MODULE</type>
  <arg>/lib/x86_64-linux-gnu/libgcc_s.so.1</arg>
  <arg>6</arg>
  <severity>INFO</severity>
  <timestamp>Mon Apr 14 22:01:20 2025</timestamp>
</msg>
<msg id="19" tool="tc">
  <type>UNLOAD_MODULE</type>
  <arg>/lib/x86_64-linux-gnu/libc.so.6</arg>
  <arg>7</arg>
  <severity>INFO</severity>
  <timestamp>Mon Apr 14 22:01:20 2025</timestamp>
</msg>
<msg id="20" tool="tc">
  <type>PROCESS_TERMINATE</type>
  <arg>/home/ubuntu/.cache/bazel/_bazel_ubuntu/ba63757d3d9650f10c550bb70f652548/execroot/yggdrasil_decision_forests/bazel-out/k8-dbg/bin/examples/ariel_rf_train</arg>
  <arg>46539</arg>
  <severity>INFO</severity>
  <timestamp>Mon Apr 14 22:01:20 2025</timestamp>
</msg>
<msg id="21" tool="tc">
  <type>NO_ANNOTATIONS</type>
  <severity>WARNING</severity>
  <timestamp>Mon Apr 14 22:01:20 2025</timestamp>
</msg>
<msg id="22" tool="tc">
  <type>ANALYSIS_COMPLETE</type>
  <severity>INFO</severity>
  <timestamp>Mon Apr 14 22:01:20 2025</timestamp>
</msg>
<msg id="23" tool="tc">
  <type>STOP</type>
  <severity>INFO</severity>
  <timestamp>Mon Apr 14 22:01:20 2025</timestamp>
</msg>
<msg id="24" tool="runtool">
  <type>app-exit-code</type>
  <arg>1</arg>
</msg>
<msg id="25" tool="runtool">
  <type>marker-file</type>
  <arg>/home/ubuntu/intel_advisor_projects/ariel_rf_train_roofline_100_trees/e000/mp000/mp000.advixe</arg>
</msg>
<msg id="26" tool="runtool">
  <type>collector-done</type>
</msg>
<msg id="27" tool="runtool">
  <type>log-end</type>
  <arg>2025/04/14 22:01:24</arg>
</msg>

</log>

