<?xml version="1.0" encoding="utf-8" ?>
<!-- DO NOT EDIT THIS FILE -->

<log version='2.0' source='tcet'>
	<!-- Opened annotation file /opt/intel/oneapi/advisor/2025.1/lib64/../config/tc/map.ant -->
	<!-- Opened annotation file /opt/intel/oneapi/advisor/2025.1/lib64/../config/tc/allocators.ant -->
	<msg id='1' display='false' source='map'>
		<type>START</type>
		<severity>INFO</severity>
		<timestamp>Mon Apr 14 21:54:22 2025</timestamp>
	</msg>
	<!-- Successfully loaded CCRT 13.15.8 at address 0x7e30fd027000 - 0x7e30fd030000 -->
	<!-- Successfully loaded the TC Analysis Core 8.23.1 at address 0x7e30fb400000 - 0x7e30fb449000 -->
	<!-- Successfully loaded the TC Instrumentation Engine 8.23.1 at address 0x7e30fd200000 - 0x7e30fd3f1000 -->
	<!-- Environment: INTEL_LIBITTNOTIFY32=/opt/intel/oneapi/advisor/2025.1/lib32/runtime/libittnotify.so -->
	<!-- Environment: INTEL_LIBITTNOTIFY64=/opt/intel/oneapi/advisor/2025.1/lib64/runtime/libittnotify.so -->
	<!-- Environment: INTEL_JIT_PROFILER32=/opt/intel/oneapi/advisor/2025.1/lib32/libpinjitprofiling.so -->
	<!-- Environment: INTEL_JIT_PROFILER64=/opt/intel/oneapi/advisor/2025.1/lib64/libpinjitprofiling.so -->
	<!-- This is the instance of interest -->
	<msg id='2' source='tcet'>
		<type>EXEC_OF_INTEREST</type>
		<severity>INFO</severity>
		<timestamp>Mon Apr 14 21:54:22 2025</timestamp>
		<arg name='process'>/home/ubuntu/.cache/bazel/_bazel_ubuntu/ba63757d3d9650f10c550bb70f652548/execroot/yggdrasil_decision_forests/bazel-out/k8-dbg/bin/examples/ariel_rf_train</arg>
		<arg name='pid'>46539</arg>
	</msg>
	<msg id='3' source='tcet'>
		<type>LOAD_MODULE</type>
		<severity>INFO</severity>
		<timestamp>Mon Apr 14 21:54:26 2025</timestamp>
		<arg name='module'>/home/ubuntu/.cache/bazel/_bazel_ubuntu/ba63757d3d9650f10c550bb70f652548/execroot/yggdrasil_decision_forests/bazel-out/k8-dbg/bin/examples/ariel_rf_train</arg>
		<arg name='basement'>0x652012035000</arg>
		<arg name='ceiling'>0x6520132703ff</arg>
		<arg name='id'>1</arg>
	</msg>
	<msg id='4' source='tcet'>
		<type>LOAD_MODULE</type>
		<severity>INFO</severity>
		<timestamp>Mon Apr 14 21:54:28 2025</timestamp>
		<arg name='module'>/lib64/ld-linux-x86-64.so.2</arg>
		<arg name='basement'>0x7e30fec87000</arg>
		<arg name='ceiling'>0x7e30fecc02d7</arg>
		<arg name='id'>2</arg>
	</msg>
	<msg id='5' source='tcet'>
		<type>LOAD_MODULE</type>
		<severity>INFO</severity>
		<timestamp>Mon Apr 14 21:54:28 2025</timestamp>
		<arg name='module'>[vdso]</arg>
		<arg name='basement'>0x7fff5a275000</arg>
		<arg name='ceiling'>0x7fff5a2760aa</arg>
		<arg name='id'>3</arg>
	</msg>
	<msg id='6' source='tcet'>
		<type>LOAD_MODULE</type>
		<severity>INFO</severity>
		<timestamp>Mon Apr 14 21:54:29 2025</timestamp>
		<arg name='module'>/lib/x86_64-linux-gnu/libm.so.6</arg>
		<arg name='basement'>0x7e30e926f000</arg>
		<arg name='ceiling'>0x7e30e9357017</arg>
		<arg name='id'>4</arg>
	</msg>
	<msg id='7' source='tcet'>
		<type>LOAD_MODULE</type>
		<severity>INFO</severity>
		<timestamp>Mon Apr 14 21:54:29 2025</timestamp>
		<arg name='module'>/lib/x86_64-linux-gnu/libstdc++.so.6</arg>
		<arg name='basement'>0x7e30e8e00000</arg>
		<arg name='ceiling'>0x7e30e907d13f</arg>
		<arg name='id'>5</arg>
	</msg>
	<msg id='8' source='tcet'>
		<type>LOAD_MODULE</type>
		<severity>INFO</severity>
		<timestamp>Mon Apr 14 21:54:29 2025</timestamp>
		<arg name='module'>/lib/x86_64-linux-gnu/libgcc_s.so.1</arg>
		<arg name='basement'>0x7e30e90e0000</arg>
		<arg name='ceiling'>0x7e30e910d3a7</arg>
		<arg name='id'>6</arg>
	</msg>
	<msg id='9' source='tcet'>
		<type>LOAD_MODULE</type>
		<severity>INFO</severity>
		<timestamp>Mon Apr 14 21:54:29 2025</timestamp>
		<arg name='module'>/lib/x86_64-linux-gnu/libc.so.6</arg>
		<arg name='basement'>0x7e30e8a00000</arg>
		<arg name='ceiling'>0x7e30e8c11d8f</arg>
		<arg name='id'>7</arg>
	</msg>
	<msg id='10' source='tcet'>
		<type>UNLOAD_MODULE</type>
		<severity>INFO</severity>
		<timestamp>Mon Apr 14 22:01:20 2025</timestamp>
		<arg name='module'>/home/ubuntu/.cache/bazel/_bazel_ubuntu/ba63757d3d9650f10c550bb70f652548/execroot/yggdrasil_decision_forests/bazel-out/k8-dbg/bin/examples/ariel_rf_train</arg>
		<arg name='id'>1</arg>
	</msg>
	<msg id='11' source='tcet'>
		<type>UNLOAD_MODULE</type>
		<severity>INFO</severity>
		<timestamp>Mon Apr 14 22:01:20 2025</timestamp>
		<arg name='module'>/lib64/ld-linux-x86-64.so.2</arg>
		<arg name='id'>2</arg>
	</msg>
	<msg id='12' source='tcet'>
		<type>UNLOAD_MODULE</type>
		<severity>INFO</severity>
		<timestamp>Mon Apr 14 22:01:20 2025</timestamp>
		<arg name='module'>[vdso]</arg>
		<arg name='id'>3</arg>
	</msg>
	<msg id='13' source='tcet'>
		<type>UNLOAD_MODULE</type>
		<severity>INFO</severity>
		<timestamp>Mon Apr 14 22:01:20 2025</timestamp>
		<arg name='module'>/lib/x86_64-linux-gnu/libm.so.6</arg>
		<arg name='id'>4</arg>
	</msg>
	<msg id='14' source='tcet'>
		<type>UNLOAD_MODULE</type>
		<severity>INFO</severity>
		<timestamp>Mon Apr 14 22:01:20 2025</timestamp>
		<arg name='module'>/lib/x86_64-linux-gnu/libstdc++.so.6</arg>
		<arg name='id'>5</arg>
	</msg>
	<msg id='15' source='tcet'>
		<type>UNLOAD_MODULE</type>
		<severity>INFO</severity>
		<timestamp>Mon Apr 14 22:01:20 2025</timestamp>
		<arg name='module'>/lib/x86_64-linux-gnu/libgcc_s.so.1</arg>
		<arg name='id'>6</arg>
	</msg>
	<msg id='16' source='tcet'>
		<type>UNLOAD_MODULE</type>
		<severity>INFO</severity>
		<timestamp>Mon Apr 14 22:01:20 2025</timestamp>
		<arg name='module'>/lib/x86_64-linux-gnu/libc.so.6</arg>
		<arg name='id'>7</arg>
	</msg>
	<msg id='17' source='tcet'>
		<type>PROCESS_TERMINATE</type>
		<severity>INFO</severity>
		<timestamp>Mon Apr 14 22:01:20 2025</timestamp>
		<arg name='process'>/home/ubuntu/.cache/bazel/_bazel_ubuntu/ba63757d3d9650f10c550bb70f652548/execroot/yggdrasil_decision_forests/bazel-out/k8-dbg/bin/examples/ariel_rf_train</arg>
		<arg name='pid'>46539</arg>
	</msg>
	<msg id='18' source='map'>
		<type>NO_ANNOTATIONS</type>
		<severity>WARNING</severity>
		<timestamp>Mon Apr 14 22:01:20 2025</timestamp>
	</msg>
	<msg id='19' display='false' source='map'>
		<type>ANALYSIS_COMPLETE</type>
		<severity>INFO</severity>
		<timestamp>Mon Apr 14 22:01:20 2025</timestamp>
	</msg>
	<msg id='20' display='false' source='map'>
		<type>STOP</type>
		<severity>INFO</severity>
		<timestamp>Mon Apr 14 22:01:20 2025</timestamp>
	</msg>
</log>