<?xml version="1.0" encoding="utf-8" ?>
<!-- DO NOT EDIT THIS FILE -->

<log version='2.0' source='trc'>
	<msg id='1' display='false' source='trc'>
		<type>PROCESS_START</type>
		<severity>INFO</severity>
		<timestamp>Mon Apr 28 16:55:38 2025</timestamp>
		<arg name='process'>/home/ariel/.cache/bazel/_bazel_ariel/bd548f66b01d5731d7bdb24822ab17cb/execroot/yggdrasil_decision_forests/bazel-out/k8-dbg/bin/examples/ariel_rf_train</arg>
		<arg name='pid'>76146</arg>
	</msg>
	<!-- Instrumentation filter's state:
    Patterns applicability:
        Generic loop pattern.....................: enabled
        Generic loop pattern (with dynamic jumps): enabled
        Known trip value loop pattern............: enabled
        Runtime final value loop pattern.........: enabled
        No initial IV loop pattern...............: enabled
        IV step only loop pattern................: enabled
        No entry loop pattern....................: enabled
    Clustered memory model (CMM) applicability:
        Generic loop pattern.....................: enabled
        Generic loop pattern (with dynamic jumps): enabled
        Known trip value loop pattern............: enabled
        Runtime final value loop pattern.........: enabled
        No initial IV loop pattern...............: enabled
        IV step only loop pattern................: enabled
        No entry loop pattern....................: disabled
 -->
	<!-- Callstack mode:
    filter modules.........: true
    filter routines........: true
    count loops............: false
    count flops............: false
    trace..................: false
    extended trace.........: false
    omp trace..............: false
    jit trace..............: false
    failures trace.........: false
    dump raw...............: false
    dump final.............: false
    dump all...............: false
    stack stitching........: true
    stl profiling..........: true
    aggressive frame switch: true
    unwind frame exit......: true
    analyze child loops....: true
 -->
	<!-- Managed application profiling: -->
	<!-- 	State...................: enabled -->
	<!-- Gpu Profiling: -->
	<!-- 	State    : disabled -->
	<!-- 	Filter   : * -->
	<!-- 	GPUs     : none -->
	<!-- 	Options  :  -->
	<!-- 	Instances:  -->
	<!-- 	Matching : strict -->
	<msg id='2' display='false' source='trc'>
		<type>PROCESS_ANALYSIS_MODE</type>
		<severity>INFO</severity>
		<timestamp>Mon Apr 28 16:55:38 2025</timestamp>
		<arg name='mode'>full</arg>
	</msg>
	<!-- Update image info for [1:0x400000:YN] /home/ariel/.cache/bazel/_bazel_ariel/bd548f66b01d5731d7bdb24822ab17cb/execroot/yggdrasil_decision_forests/bazel-out/k8-dbg/bin/examples/ariel_rf_train -->
	<msg id='3' display='false' source='trc'>
		<type>LOAD_MODULE</type>
		<severity>INFO</severity>
		<timestamp>Mon Apr 28 16:55:42 2025</timestamp>
		<arg name='module'>/home/ariel/.cache/bazel/_bazel_ariel/bd548f66b01d5731d7bdb24822ab17cb/execroot/yggdrasil_decision_forests/bazel-out/k8-dbg/bin/examples/ariel_rf_train</arg>
		<arg name='basement'>0x400000</arg>
		<arg name='ceiling'>0xc1df7f</arg>
		<arg name='symtab'>yes</arg>
	</msg>
	<!-- Instrumenting image: id = 1, name = /home/ariel/.cache/bazel/_bazel_ariel/bd548f66b01d5731d7bdb24822ab17cb/execroot/yggdrasil_decision_forests/bazel-out/k8-dbg/bin/examples/ariel_rf_train -->
	<!-- Instrumenting loops in routine "std::mersenne_twister_engine<unsigned long, 32ul, 624ul, 397ul, 31ul, 2567483615ul, 11ul, 4294967295ul, 7ul, 2636928640ul, 15ul, 4022730752ul, 18ul, 1812433253ul>::operator()" -->
	<!-- Instrumenting loops in routine "std::vector<std::__cxx11::basic_string<char, std::char_traits<char>, std::allocator<char> >, std::allocator<std::__cxx11::basic_string<char, std::char_traits<char>, std::allocator<char> > > >::_M_range_insert<__gnu_cxx::__normal_iterator<std::__cxx11::basic_string<char, std::char_traits<char>, std::allocator<char> >*, std::vector<std::__cxx11::basic_string<char, std::char_traits<char>, std::allocator<char> >, std::allocator<std::__cxx11::basic_string<char, std::char_traits<char>, std::allocator<char> > > > > >" -->
	<!-- Instrumenting loops in routine "std::__detail::__regex_algo_impl<__gnu_cxx::__normal_iterator<char const*, std::__cxx11::basic_string<char, std::char_traits<char>, std::allocator<char> > >, std::allocator<std::__cxx11::sub_match<__gnu_cxx::__normal_iterator<char const*, std::__cxx11::basic_string<char, std::char_traits<char>, std::allocator<char> > > > >, char, std::__cxx11::regex_traits<char> >" with dynamic jumps -->
	<!-- Instrumenting loops in routine "std::vector<std::__cxx11::sub_match<__gnu_cxx::__normal_iterator<char const*, std::__cxx11::basic_string<char, std::char_traits<char>, std::allocator<char> > > >, std::allocator<std::__cxx11::sub_match<__gnu_cxx::__normal_iterator<char const*, std::__cxx11::basic_string<char, std::char_traits<char>, std::allocator<char> > > > > >::operator=" -->
	<!-- Instrumenting loops in routine "yggdrasil_decision_forests::model::random_forest::RandomForestLearner::TrainWithStatusImpl" -->
	<!-- Instrumenting loops in routine "std::_Function_handler<void (), yggdrasil_decision_forests::model::random_forest::RandomForestLearner::TrainWithStatusImpl(yggdrasil_decision_forests::dataset::VerticalDataset const&, std::optional<std::reference_wrapper<yggdrasil_decision_forests::dataset::VerticalDataset const> >) const::$_0>::_M_invoke" -->
	<!-- Instrumenting loops in routine "yggdrasil_decision_forests::model::decision_tree::internal::SampleProjection" -->
	<!-- Instrumenting loops in routine "yggdrasil_decision_forests::model::decision_tree::internal::ProjectionEvaluator::Evaluate" -->
	<!-- Instrumenting loops in routine "yggdrasil_decision_forests::model::decision_tree::EvaluateProjection<yggdrasil_decision_forests::model::decision_tree::ClassificationLabelStats, std::vector<int, std::allocator<int> > >" -->
	<!-- Instrumenting loops in routine "yggdrasil_decision_forests::model::decision_tree::FindBestConditionSparseObliqueTemplate<yggdrasil_decision_forests::model::decision_tree::ClassificationLabelStats>" -->
	<!-- Instrumenting loops in routine "std::vector<std::vector<float, std::allocator<float> >, std::allocator<std::vector<float, std::allocator<float> > > >::vector" -->
	<!-- Instrumenting loops in routine "yggdrasil_decision_forests::model::decision_tree::FindSplitLabelClassificationFeatureNumericalCart" -->
	<!-- Instrumenting loops in routine "yggdrasil_decision_forests::model::decision_tree::FindBestConditionSingleThreadManager" with dynamic jumps -->
	<!-- Instrumenting loops in routine "yggdrasil_decision_forests::model::decision_tree::FindBestCondition" with dynamic jumps -->
	<!-- Instrumenting loops in routine "yggdrasil_decision_forests::model::decision_tree::DecisionTreeTrain" -->
	<!-- Instrumenting loops in routine "yggdrasil_decision_forests::model::decision_tree::NodeTrain" -->
	<!-- Instrumenting loops in routine "yggdrasil_decision_forests::model::decision_tree::FillExampleBucketSet<yggdrasil_decision_forests::model::decision_tree::ExampleBucketSet<yggdrasil_decision_forests::model::decision_tree::ExampleBucket<yggdrasil_decision_forests::model::decision_tree::FeatureNumericalBucket, yggdrasil_decision_forests::model::decision_tree::LabelBinaryCategoricalOneValueBucket<false> > >, false>" with dynamic jumps -->
	<!-- Instrumenting loops in routine "std::__introsort_loop<__gnu_cxx::__normal_iterator<yggdrasil_decision_forests::model::decision_tree::ExampleBucket<yggdrasil_decision_forests::model::decision_tree::FeatureNumericalBucket, yggdrasil_decision_forests::model::decision_tree::LabelBinaryCategoricalOneValueBucket<false> >*, std::vector<yggdrasil_decision_forests::model::decision_tree::ExampleBucket<yggdrasil_decision_forests::model::decision_tree::FeatureNumericalBucket, yggdrasil_decision_forests::model::decision_tree::LabelBinaryCategoricalOneValueBucket<false> >, std::allocator<yggdrasil_decision_forests::model::decision_tree::ExampleBucket<yggdrasil_decision_forests::model::decision_tree::FeatureNumericalBucket, yggdrasil_decision_forests::model::decision_tree::LabelBinaryCategoricalOneValueBucket<false> > > > >, long, __gnu_cxx::__ops::_Iter_comp_iter<yggdrasil_decision_forests::model::decision_tree::ExampleBucket<yggdrasil_decision_forests::model::decision_tree::FeatureNumericalBucket, yggdrasil_decision_forests::model::decision_tree::LabelBinaryCategoricalOneValueBucket<false> >::SortFeature> >" -->
	<!-- Instrumenting loops in routine "yggdrasil_decision_forests::model::AbstractLearner::LinkTrainingConfig" -->
	<!-- Instrumenting loops in routine "yggdrasil_decision_forests::model::AbstractLearner::TrainWithStatusImpl" -->
	<!-- Instrumenting loops in routine "yggdrasil_decision_forests::dataset::LoadVerticalDataset" -->
	<!-- Instrumenting loops in routine "yggdrasil_decision_forests::model::random_forest::RandomForestModel::GetVariableImportance" with dynamic jumps -->
	<!-- Instrumenting loops in routine "yggdrasil_decision_forests::model::decision_tree::StructureMeanMinDepth" with dynamic jumps -->
	<!-- Instrumenting loops in routine "yggdrasil_decision_forests::model::decision_tree::(anonymous namespace)::AddMinimumDepthPerPath" -->
	<!-- Instrumenting loops in routine "yggdrasil_decision_forests::model::AbstractModel::PrecomputeVariableImportances" -->
	<!-- Instrumenting loops in routine "yggdrasil_decision_forests::dataset::VerticalDataset::AppendExampleWithStatus" -->
	<!-- Instrumenting loops in routine "yggdrasil_decision_forests::dataset::VerticalDataset::CreateColumnsFromDataspec" -->
	<!-- Instrumenting loops in routine "yggdrasil_decision_forests::dataset::CsvExampleReader::Implementation::NextInShard" -->
	<!-- Instrumenting loops in routine "yggdrasil_decision_forests::dataset::UpdateDataSpecWithCsvExample" -->
	<!-- Instrumenting loops in routine "yggdrasil_decision_forests::dataset::CsvDataSpecCreator::InferColumnsAndTypes" -->
	<!-- Instrumenting loops in routine "yggdrasil_decision_forests::dataset::InferType" -->
	<!-- Instrumenting loops in routine "yggdrasil_decision_forests::dataset::CsvDataSpecCreator::ComputeColumnStatistics" -->
	<!-- Instrumenting loops in routine "std::vector<std::__cxx11::basic_string<char, std::char_traits<char>, std::allocator<char> >, std::allocator<std::__cxx11::basic_string<char, std::char_traits<char>, std::allocator<char> > > >::vector<__gnu_cxx::__normal_iterator<std::basic_string_view<char, std::char_traits<char> >*, std::vector<std::basic_string_view<char, std::char_traits<char> >, std::allocator<std::basic_string_view<char, std::char_traits<char> > > > >, void>" -->
	<!-- Instrumenting loops in routine "yggdrasil_decision_forests::utils::ShardedReader<yggdrasil_decision_forests::dataset::proto::Example>::Next" -->
	<!-- Instrumenting loops in routine "yggdrasil_decision_forests::dataset::LooksMultiDimensional" -->
	<!-- Instrumenting loops in routine "yggdrasil_decision_forests::dataset::CreateDataSpecWithStatus" -->
	<!-- Instrumenting loops in routine "yggdrasil_decision_forests::dataset::AbstractDataSpecCreator::CreateDataspec" -->
	<!-- Instrumenting loops in routine "yggdrasil_decision_forests::utils::concurrency::ThreadPool::StartWorkers" -->
	<!-- Instrumenting loops in routine "yggdrasil_decision_forests::utils::concurrency::ThreadPool::ThreadLoop" -->
	<!-- Instrumenting loops in routine "yggdrasil_decision_forests::utils::csv::Reader::NextRow" with dynamic jumps -->
	<!-- Instrumenting loops in routine "yggdrasil_decision_forests::dataset::GetMultipleColumnIdxFromName" -->
	<!-- Instrumenting loops in routine "yggdrasil_decision_forests::dataset::CsvRowToExample" with dynamic jumps -->
	<!-- Instrumenting loops in routine "yggdrasil_decision_forests::dataset::Tokenize" with dynamic jumps -->
	<!-- Instrumenting loops in routine "absl::lts_20240722::strings_internal::Splitter<absl::lts_20240722::ByAnyChar, absl::lts_20240722::AllowEmpty, std::basic_string_view<char, std::char_traits<char> > >::ConvertToContainer<std::vector<std::basic_string_view<char, std::char_traits<char> >, std::allocator<std::basic_string_view<char, std::char_traits<char> > > >, std::basic_string_view<char, std::char_traits<char> >, false>::operator()" -->
	<!-- Instrumenting loops in routine "absl::lts_20240722::ascii_internal::AsciiStrCaseFoldLong<false>" -->
	<!-- Instrumenting loops in routine "absl::lts_20240722::(anonymous namespace)::ConsumeDigits<10, unsigned long>" -->
	<!-- Instrumenting loops in routine "absl::lts_20240722::strings_internal::ParseFloat<10>" -->
	<!-- Instrumenting loops in routine "absl::lts_20240722::SimpleAtof" -->
	<!-- Instrumenting loops in routine "absl::lts_20240722::ByAnyChar::Find" -->
	<!-- Update image info for [2:0x7F76FEBE7000:NN] /lib64/ld-linux-x86-64.so.2 -->
	<msg id='4' display='false' source='trc'>
		<type>LOAD_MODULE</type>
		<severity>INFO</severity>
		<timestamp>Mon Apr 28 16:55:42 2025</timestamp>
		<arg name='module'>/lib64/ld-linux-x86-64.so.2</arg>
		<arg name='basement'>0x7f76febe7000</arg>
		<arg name='ceiling'>0x7f76fec202d7</arg>
		<arg name='symtab'>no</arg>
	</msg>
	<!-- Instrumentation of /lib64/ld-linux-x86-64.so.2 image skipped because of filter conditions [cs-mode]. -->
	<!-- Update image info for [3:0x7FFE6A3FD000:NN] [vdso] -->
	<msg id='5' display='false' source='trc'>
		<type>LOAD_MODULE</type>
		<severity>INFO</severity>
		<timestamp>Mon Apr 28 16:55:42 2025</timestamp>
		<arg name='module'>[vdso]</arg>
		<arg name='basement'>0x7ffe6a3fd000</arg>
		<arg name='ceiling'>0x7ffe6a3fdce4</arg>
		<arg name='symtab'>no</arg>
	</msg>
	<!-- Instrumentation of [vdso] image skipped because of filter conditions [cs-mode]. -->
	<!-- Update image info for [4:0x7F76B5934000:NN] /lib/x86_64-linux-gnu/libm.so.6 -->
	<msg id='6' display='false' source='trc'>
		<type>LOAD_MODULE</type>
		<severity>INFO</severity>
		<timestamp>Mon Apr 28 16:55:42 2025</timestamp>
		<arg name='module'>/lib/x86_64-linux-gnu/libm.so.6</arg>
		<arg name='basement'>0x7f76b5934000</arg>
		<arg name='ceiling'>0x7f76b5a1c017</arg>
		<arg name='symtab'>no</arg>
	</msg>
	<!-- Instrumentation of /lib/x86_64-linux-gnu/libm.so.6 image skipped because of filter conditions [cs-mode]. -->
	<!-- Update image info for [5:0x7F76B55C8000:NN] /lib/x86_64-linux-gnu/libstdc++.so.6 -->
	<msg id='7' display='false' source='trc'>
		<type>LOAD_MODULE</type>
		<severity>INFO</severity>
		<timestamp>Mon Apr 28 16:55:42 2025</timestamp>
		<arg name='module'>/lib/x86_64-linux-gnu/libstdc++.so.6</arg>
		<arg name='basement'>0x7f76b55c8000</arg>
		<arg name='ceiling'>0x7f76b584513f</arg>
		<arg name='symtab'>no</arg>
	</msg>
	<!-- Instrumentation of /lib/x86_64-linux-gnu/libstdc++.so.6 image skipped because of filter conditions. -->
	<!-- Update image info for [6:0x7F76B559A000:NN] /lib/x86_64-linux-gnu/libgcc_s.so.1 -->
	<msg id='8' display='false' source='trc'>
		<type>LOAD_MODULE</type>
		<severity>INFO</severity>
		<timestamp>Mon Apr 28 16:55:42 2025</timestamp>
		<arg name='module'>/lib/x86_64-linux-gnu/libgcc_s.so.1</arg>
		<arg name='basement'>0x7f76b559a000</arg>
		<arg name='ceiling'>0x7f76b55c73a7</arg>
		<arg name='symtab'>no</arg>
	</msg>
	<!-- Instrumentation of /lib/x86_64-linux-gnu/libgcc_s.so.1 image skipped because of filter conditions [cs-mode]. -->
	<!-- Update image info for [7:0x7F76B5331000:NN] /lib/x86_64-linux-gnu/libc.so.6 -->
	<msg id='9' display='false' source='trc'>
		<type>LOAD_MODULE</type>
		<severity>INFO</severity>
		<timestamp>Mon Apr 28 16:55:42 2025</timestamp>
		<arg name='module'>/lib/x86_64-linux-gnu/libc.so.6</arg>
		<arg name='basement'>0x7f76b5331000</arg>
		<arg name='ceiling'>0x7f76b5542d8f</arg>
		<arg name='symtab'>no</arg>
	</msg>
	<!-- Instrumentation of /lib/x86_64-linux-gnu/libc.so.6 image skipped because of filter conditions. -->
	<msg id='10' display='false' source='trc'>
		<type>UNLOAD_MODULE</type>
		<severity>INFO</severity>
		<timestamp>Mon Apr 28 16:56:22 2025</timestamp>
		<arg name='module'>/home/ariel/.cache/bazel/_bazel_ariel/bd548f66b01d5731d7bdb24822ab17cb/execroot/yggdrasil_decision_forests/bazel-out/k8-dbg/bin/examples/ariel_rf_train</arg>
	</msg>
	<msg id='11' display='false' source='trc'>
		<type>UNLOAD_MODULE</type>
		<severity>INFO</severity>
		<timestamp>Mon Apr 28 16:56:22 2025</timestamp>
		<arg name='module'>/lib64/ld-linux-x86-64.so.2</arg>
	</msg>
	<msg id='12' display='false' source='trc'>
		<type>UNLOAD_MODULE</type>
		<severity>INFO</severity>
		<timestamp>Mon Apr 28 16:56:22 2025</timestamp>
		<arg name='module'>[vdso]</arg>
	</msg>
	<msg id='13' display='false' source='trc'>
		<type>UNLOAD_MODULE</type>
		<severity>INFO</severity>
		<timestamp>Mon Apr 28 16:56:22 2025</timestamp>
		<arg name='module'>/lib/x86_64-linux-gnu/libm.so.6</arg>
	</msg>
	<msg id='14' display='false' source='trc'>
		<type>UNLOAD_MODULE</type>
		<severity>INFO</severity>
		<timestamp>Mon Apr 28 16:56:22 2025</timestamp>
		<arg name='module'>/lib/x86_64-linux-gnu/libstdc++.so.6</arg>
	</msg>
	<msg id='15' display='false' source='trc'>
		<type>UNLOAD_MODULE</type>
		<severity>INFO</severity>
		<timestamp>Mon Apr 28 16:56:22 2025</timestamp>
		<arg name='module'>/lib/x86_64-linux-gnu/libgcc_s.so.1</arg>
	</msg>
	<msg id='16' display='false' source='trc'>
		<type>UNLOAD_MODULE</type>
		<severity>INFO</severity>
		<timestamp>Mon Apr 28 16:56:22 2025</timestamp>
		<arg name='module'>/lib/x86_64-linux-gnu/libc.so.6</arg>
	</msg>
	<msg id='17' display='false' source='trc'>
		<type>PROCESS_FINISH</type>
		<severity>INFO</severity>
		<timestamp>Mon Apr 28 16:56:22 2025</timestamp>
		<arg name='process'>/home/ariel/.cache/bazel/_bazel_ariel/bd548f66b01d5731d7bdb24822ab17cb/execroot/yggdrasil_decision_forests/bazel-out/k8-dbg/bin/examples/ariel_rf_train</arg>
		<arg name='pid'>76146</arg>
		<arg name='exitcode'>0x0</arg>
	</msg>
	<!-- Application exited with code 0 -->
</log>