1 [133440388921280] INFO perfrun.launcher <> - Launcher main begin
1 [133440388921280] INFO perfrun.launcher <> - MessageCatalogInit finished
1 [133440388921280] INFO perfrun.launcher <> - Launcher instance created
1 [133440388921280] INFO perfrun.launcher <> - argc = 6; cmdline = /opt/intel/oneapi/advisor/2025.1/bin64/advixe-runss -dump-vdso -r /home/ubuntu/intel_advisor_projects/ariel_rf_train_roofline_1_tree/e000/hs000 --tmp-dir /tmp/advixe-tmp-ubuntu 
26 [133440388921280] INFO perfrun.launcher <> - create msngr2::ICliToolContext
27 [133440388921280] INFO perfrun.launcher <> - create file finder object
27 [133440158566080] INFO perfrun.launcher <> - plugin [remoteplug] was disabled because it doesn't support the given collection type.
27 [133440158566080] INFO perfrun.launcher <> - plugin [system] was disabled because it doesn't support the given collection type.
27 [133440158566080] INFO perfrun.vdso <> - dumping [vdso] pseudomodule
28 [133440158566080] INFO perfrun.launcher <> - plugin [itt] was disabled because it doesn't support the given collection type.
28 [133440158566080] INFO perfrun.launcher <> - plugin [] was disabled because it doesn't support the given collection type.
28 [133440158566080] INFO perfrun.launcher <> - plugin [gpu] was disabled because it doesn't support the given collection type.
28 [133440158566080] INFO perfrun.launcher <> - plugin [] was disabled because it doesn't support the given collection type.
28 [133440158566080] INFO perfrun.launcher <> - plugin [] was disabled because it doesn't support the given collection type.
28 [133440158566080] INFO perfrun.launcher <> - plugin [] was disabled because it doesn't support the given collection type.
28 [133440158566080] INFO perfrun.launcher <> - plugin [mrte] was disabled because it doesn't support the given collection type.
28 [133440158566080] INFO perfrun.launcher <> - plugin [] was disabled because it doesn't support the given collection type.
28 [133440158566080] INFO perfrun.launcher <> - plugin [] was disabled because it doesn't support the given collection type.
28 [133440158566080] INFO perfrun.launcher <> - plugin [] was disabled because it doesn't support the given collection type.
28 [133440158566080] INFO perfrun.launcher <> - plugin [] was disabled because it doesn't support the given collection type.
28 [133440158566080] INFO perfrun.launcher <> - plugin [] was disabled because it doesn't support the given collection type.
28 [133440158566080] INFO perfrun.launcher <> - plugin [] was disabled because it doesn't support the given collection type.
28 [133440158566080] INFO perfrun.launcher <> - plugin [] was disabled because it doesn't support the given collection type.
28 [133440158566080] INFO perfrun.launcher <> - plugin [tpss] was disabled because it doesn't support the given collection type.
28 [133440158566080] INFO perfrun.launcher <> - plugin [] was disabled because it doesn't support the given collection type.
28 [133440158566080] INFO perfrun.launcher <> - plugin [] was disabled because it doesn't support the given collection type.
28 [133440158566080] INFO perfrun.launcher <> - plugin [] was disabled because it doesn't support the given collection type.
28 [133440158566080] INFO perfrun.launcher <> - plugin [] was disabled because it doesn't support the given collection type.
28 [133440158566080] INFO perfrun.launcher <> - plugin [] was disabled because it doesn't support the given collection type.
28 [133440158566080] INFO perfrun.launcher <> - plugin [] was disabled because it doesn't support the given collection type.
28 [133440158566080] INFO perfrun.launcher <> - plugin [] was disabled because it doesn't support the given collection type.
28 [133440158566080] INFO perfrun.launcher <> - plugin [] was disabled because it doesn't support the given collection type.
28 [133440158566080] INFO perfrun.launcher <> - plugin [] was disabled because it doesn't support the given collection type.
28 [133440158566080] INFO perfrun.launcher <> - plugin [] was disabled because it doesn't support the given collection type.
28 [133440388921280] INFO perfrun.launcher <> - Application exit code: 0
28 [133440388921280] INFO perfrun.launcher <> - Exit code: 0
