1 [140675950001216] INFO perfrun.launcher <> - Launcher main begin
1 [140675950001216] INFO perfrun.launcher <> - MessageCatalogInit finished
1 [140675950001216] INFO perfrun.launcher <> - Launcher instance created
1 [140675950001216] INFO perfrun.launcher <> - argc = 6; cmdline = /home/ariel/intel/oneapi/advisor/2025.1/bin64/advixe-runss -dump-vdso -r /home/ariel/yggdrasil-decision-forests/intel_advisor_profile_results/train/oblique/started_from_advisor_gui/e000/hs008 --tmp-dir /tmp/advixe-tmp-ariel 
30 [140675950001216] INFO perfrun.launcher <> - create msngr2::ICliToolContext
30 [140675950001216] INFO perfrun.launcher <> - create file finder object
31 [140675792234176] INFO perfrun.launcher <> - plugin [remoteplug] was disabled because it doesn't support the given collection type.
31 [140675792234176] INFO perfrun.launcher <> - plugin [system] was disabled because it doesn't support the given collection type.
31 [140675792234176] INFO perfrun.vdso <> - dumping [vdso] pseudomodule
32 [140675792234176] INFO perfrun.launcher <> - plugin [itt] was disabled because it doesn't support the given collection type.
32 [140675792234176] INFO perfrun.launcher <> - plugin [] was disabled because it doesn't support the given collection type.
32 [140675792234176] INFO perfrun.launcher <> - plugin [gpu] was disabled because it doesn't support the given collection type.
32 [140675792234176] INFO perfrun.launcher <> - plugin [] was disabled because it doesn't support the given collection type.
32 [140675792234176] INFO perfrun.launcher <> - plugin [] was disabled because it doesn't support the given collection type.
32 [140675792234176] INFO perfrun.launcher <> - plugin [] was disabled because it doesn't support the given collection type.
32 [140675792234176] INFO perfrun.launcher <> - plugin [mrte] was disabled because it doesn't support the given collection type.
32 [140675792234176] INFO perfrun.launcher <> - plugin [] was disabled because it doesn't support the given collection type.
32 [140675792234176] INFO perfrun.launcher <> - plugin [] was disabled because it doesn't support the given collection type.
32 [140675792234176] INFO perfrun.launcher <> - plugin [] was disabled because it doesn't support the given collection type.
32 [140675792234176] INFO perfrun.launcher <> - plugin [] was disabled because it doesn't support the given collection type.
32 [140675792234176] INFO perfrun.launcher <> - plugin [] was disabled because it doesn't support the given collection type.
32 [140675792234176] INFO perfrun.launcher <> - plugin [] was disabled because it doesn't support the given collection type.
32 [140675792234176] INFO perfrun.launcher <> - plugin [] was disabled because it doesn't support the given collection type.
32 [140675792234176] INFO perfrun.launcher <> - plugin [tpss] was disabled because it doesn't support the given collection type.
32 [140675792234176] INFO perfrun.launcher <> - plugin [] was disabled because it doesn't support the given collection type.
32 [140675792234176] INFO perfrun.launcher <> - plugin [] was disabled because it doesn't support the given collection type.
32 [140675792234176] INFO perfrun.launcher <> - plugin [] was disabled because it doesn't support the given collection type.
32 [140675792234176] INFO perfrun.launcher <> - plugin [] was disabled because it doesn't support the given collection type.
32 [140675792234176] INFO perfrun.launcher <> - plugin [] was disabled because it doesn't support the given collection type.
32 [140675792234176] INFO perfrun.launcher <> - plugin [] was disabled because it doesn't support the given collection type.
32 [140675792234176] INFO perfrun.launcher <> - plugin [] was disabled because it doesn't support the given collection type.
32 [140675792234176] INFO perfrun.launcher <> - plugin [] was disabled because it doesn't support the given collection type.
32 [140675792234176] INFO perfrun.launcher <> - plugin [] was disabled because it doesn't support the given collection type.
32 [140675792234176] INFO perfrun.launcher <> - plugin [] was disabled because it doesn't support the given collection type.
32 [140675950001216] INFO perfrun.launcher <> - Application exit code: 0
32 [140675950001216] INFO perfrun.launcher <> - Exit code: 0
