0 [140585833409600] INFO perfrun.launcher <> - Launcher main begin
1 [140585833409600] INFO perfrun.launcher <> - MessageCatalogInit finished
1 [140585833409600] INFO perfrun.launcher <> - Launcher instance created
1 [140585833409600] INFO perfrun.launcher <> - argc = 7; cmdline = /home/ariel/intel/oneapi/advisor/2025.1/bin64/advixe-runss --ui-output-format xml --ui-output-fd 6 --option-file /home/ariel/yggdrasil-decision-forests/intel_advisor_profile_results/train/oblique/ariel_dt_depth_1/e000/hs002/config/runss.options 
19 [140585833409600] INFO perfrun.launcher <> - create msngr2::ICliToolContext
19 [140585833409600] INFO perfrun.launcher <> - create file finder object
19 [140585833409600] INFO perfrun.launcher <> - create a result directory: pattern = /home/ariel/yggdrasil-decision-forests/intel_advisor_profile_results/train/oblique/ariel_dt_depth_1/e000/hs002 pid = 4294967295
20 [140585833409600] INFO perfrun.sdk <> - checked that the directory /home/ariel/yggdrasil-decision-forests/intel_advisor_profile_results/train/oblique/ariel_dt_depth_1/e000/hs002 is a local directory
20 [140585833409600] INFO perfrun.sdk <> - the directory /home/ariel/yggdrasil-decision-forests/intel_advisor_profile_results/train/oblique/ariel_dt_depth_1/e000/hs002 is a local directory with FS type ID 61267
20 [140585833409600] INFO perfrun.launcher <> - create data directory = /home/ariel/yggdrasil-decision-forests/intel_advisor_profile_results/train/oblique/ariel_dt_depth_1/e000/hs002/data.0
20 [140585833409600] INFO perfrun.launcher <> - Creating the master collection flag
28 [140585833409600] INFO perfrun.launcher <> - Done creating the master collection flag
29 [140585675515584] INFO perfrun.launcher <> - plugin [remoteplug] was disabled because it doesn't support the given collection type.
29 [140585675515584] INFO perfrun.sdk <> - Allocating TMU :/home/ariel/yggdrasil-decision-forests/intel_advisor_profile_results/train/oblique/ariel_dt_depth_1/e000/hs002/data.0/systemcollector-47357-DESKTOP-VB7ASQL.sc
29 [140585675515584] INFO perfrun.launcher <> - plugin [] was disabled because it doesn't support the given collection type.
29 [140585675515584] INFO perfrun.launcher <> - plugin [gpu] was disabled because it doesn't support the given collection type.
29 [140585675515584] INFO perfrun.launcher <> - plugin [] was disabled because it doesn't support the given collection type.
29 [140585675515584] INFO perfrun.launcher <> - plugin [] was disabled because it doesn't support the given collection type.
29 [140585675515584] INFO perfrun.launcher <> - plugin [] was disabled because it doesn't support the given collection type.
29 [140585675515584] INFO perfrun.mrte <> - system-wide mode is 0
29 [140585675515584] INFO perfrun.mrte <> - Getting  mrte profiling environment ...
31 [140585675515584] INFO perfrun.mrte <> - INTEL_MRTE_DATA_DIR=/home/ariel/yggdrasil-decision-forests/intel_advisor_profile_results/train/oblique/ariel_dt_depth_1/e000/hs002/data.0
31 [140585675515584] INFO perfrun.mrte <> - INTEL_MRTE_HOST_NAME=DESKTOP-VB7ASQL
31 [140585675515584] INFO perfrun.mrte <> - JAVA_TOOL_OPTIONS=-agentlib:advixe_samplingmrte_javaprof_1.0 -Dsun.boot.library.path=/home/ariel/intel/oneapi/advisor/2025.1/lib32/runtime:/home/ariel/intel/oneapi/advisor/2025.1/lib64/runtime
31 [140585675515584] INFO perfrun.mrte <> - LD_LIBRARY_PATH=/home/ariel/intel/oneapi/advisor/2025.1/lib32/runtime:/home/ariel/intel/oneapi/advisor/2025.1/lib64/runtime
31 [140585675515584] INFO perfrun.mrte <> - Data directory: /home/ariel/yggdrasil-decision-forests/intel_advisor_profile_results/train/oblique/ariel_dt_depth_1/e000/hs002/data.0
31 [140585675515584] INFO perfrun.mrte <> - Mrte plugin is initialized
31 [140585675515584] INFO perfrun.launcher <> - plugin [] was disabled because it doesn't support the given collection type.
31 [140585675515584] INFO perfrun.launcher <> - plugin [] was disabled because it doesn't support the given collection type.
31 [140585675515584] INFO perfrun.launcher <> - plugin [] was disabled because it doesn't support the given collection type.
31 [140585675515584] INFO perfrun.launcher <> - plugin [] was disabled because it doesn't support the given collection type.
31 [140585675515584] INFO perfrun.launcher <> - plugin [] was disabled because it doesn't support the given collection type.
31 [140585675515584] INFO perfrun.launcher <> - plugin [] was disabled because it doesn't support the given collection type.
31 [140585675515584] INFO perfrun.launcher <> - plugin [] was disabled because it doesn't support the given collection type.
31 [140585675515584] INFO perfrun.tpss <> - initialize tpss controller
31 [140585675515584] INFO perfrun.tpss <> - configure collection mode: value = cpu:stack
31 [140585675515584] INFO perfrun.tpss <> - default obj-size-min=1024
31 [140585675515584] INFO perfrun.tpss <> - default hash-table-size=0
31 [140585675515584] INFO perfrun.launcher <> - plugin [] was disabled because it doesn't support the given collection type.
31 [140585675515584] INFO perfrun.launcher <> - plugin [] was disabled because it doesn't support the given collection type.
31 [140585675515584] INFO perfrun.launcher <> - plugin [] was disabled because it doesn't support the given collection type.
31 [140585675515584] INFO perfrun.launcher <> - plugin [] was disabled because it doesn't support the given collection type.
31 [140585675515584] INFO perfrun.launcher <> - plugin [] was disabled because it doesn't support the given collection type.
31 [140585675515584] INFO perfrun.launcher <> - plugin [] was disabled because it doesn't support the given collection type.
31 [140585675515584] INFO perfrun.launcher <> - plugin [] was disabled because it doesn't support the given collection type.
31 [140585675515584] INFO perfrun.launcher <> - plugin [] was disabled because it doesn't support the given collection type.
31 [140585675515584] INFO perfrun.launcher <> - plugin [] was disabled because it doesn't support the given collection type.
31 [140585675515584] INFO perfrun.launcher <> - plugin [] was disabled because it doesn't support the given collection type.
31 [140585833409600] INFO perfrun.launcher <> - set environment variable: LD_LIBRARY_PATH = /home/ariel/intel/oneapi/advisor/2025.1/lib32/runtime:/home/ariel/intel/oneapi/advisor/2025.1/lib64/runtime
31 [140585833409600] INFO perfrun.launcher <> - set environment variable: INTEL_LIBITTNOTIFY32 = /home/ariel/intel/oneapi/advisor/2025.1/lib32/runtime/libittnotify_collector.so
31 [140585833409600] INFO perfrun.launcher <> - set environment variable: INTEL_LIBITTNOTIFY64 = /home/ariel/intel/oneapi/advisor/2025.1/lib64/runtime/libittnotify_collector.so
32 [140585833409600] INFO perfrun.launcher <> - set environment variable: INTEL_ITTNOTIFY_GROUPS = 
32 [140585833409600] INFO perfrun.launcher <> - set environment variable: INTEL_JIT_PROFILER32 = /home/ariel/intel/oneapi/advisor/2025.1/lib32/runtime/libittnotify_collector.so
32 [140585833409600] INFO perfrun.launcher <> - set environment variable: INTEL_JIT_PROFILER64 = /home/ariel/intel/oneapi/advisor/2025.1/lib64/runtime/libittnotify_collector.so
32 [140585833409600] INFO perfrun.launcher <> - set environment variable: CCL_ITT_LEVEL = 1
32 [140585833409600] INFO perfrun.launcher <> - set environment variable: ENABLE_JITPROFILING = 1
32 [140585833409600] INFO perfrun.launcher <> - set environment variable: CL_CONFIG_USE_VTUNE = True
32 [140585833409600] INFO perfrun.launcher <> - set environment variable: KMP_FORKJOIN_FRAMES = 0
32 [140585833409600] INFO perfrun.launcher <> - set environment variable: KMP_FORKJOIN_FRAMES_MODE = 0
32 [140585833409600] INFO perfrun.launcher <> - set environment variable: INTEL_MRTE_DATA_DIR = /home/ariel/yggdrasil-decision-forests/intel_advisor_profile_results/train/oblique/ariel_dt_depth_1/e000/hs002/data.0
32 [140585833409600] INFO perfrun.launcher <> - set environment variable: INTEL_MRTE_HOST_NAME = DESKTOP-VB7ASQL
32 [140585833409600] INFO perfrun.launcher <> - set environment variable: JAVA_TOOL_OPTIONS = -agentlib:advixe_samplingmrte_javaprof_1.0 -Dsun.boot.library.path=/home/ariel/intel/oneapi/advisor/2025.1/lib32/runtime:/home/ariel/intel/oneapi/advisor/2025.1/lib64/runtime
32 [140585833409600] INFO perfrun.launcher <> - set environment variable: LD_LIBRARY_PATH = /home/ariel/intel/oneapi/advisor/2025.1/lib32/runtime:/home/ariel/intel/oneapi/advisor/2025.1/lib64/runtime
32 [140585833409600] INFO perfrun.launcher <> - RpcServer: run RPC server to handle requests
33 [140585833409600] INFO perfrun.launcher <> - Launcher: command line to start before modification = ./bazel-bin/examples/ariel_dt_train ./ariel_test_data/processed_wise1_data.csv Cancer Status tmp/ariel_dt_depth_1
33 [140585833409600] INFO perfrun.launcher <> - Launcher: command line to start after modification = /home/ariel/intel/oneapi/advisor/2025.1/bin64/pin -error_file /home/ariel/yggdrasil-decision-forests/intel_advisor_profile_results/train/oblique/ariel_dt_depth_1/e000/hs002/data.0/pinerr.tpsslog -detach_reattach -follow_execv -tool_load_option deepbind -t64 /home/ariel/intel/oneapi/advisor/2025.1/lib64/libtpsstool.so -t /home/ariel/intel/oneapi/advisor/2025.1/lib32/libtpsstool.so -server_name tpss_ipc.47357 -prd_dir /home/ariel/intel/oneapi/advisor/2025.1 -- ./bazel-bin/examples/ariel_dt_train ./ariel_test_data/processed_wise1_data.csv Cancer Status tmp/ariel_dt_depth_1
33 [140585833409600] INFO perfrun.launcher <> - ProcessCreator object was created
33 [140585833409600] INFO perfrun.launcher <> - Launcher: the process was started in suspend mode
35 [140585675515584] WARN perfrun.system <> - Could not do anything with /sys/kernel/debug/kvm: boost::filesystem::status: Permission denied [system:13]: "/sys/kernel/debug/kvm", at file: vcs/perfrun1/plugins/system/src/trace_writer.cpp:787
35 [140585675515584] WARN perfrun.system <> - Folder "/var/run/libvirt/qemu/"doesn't exist, at file: vcs/perfrun1/plugins/system/src/trace_writer.cpp:800
36 [140585675515584] WARN perfrun.sdk <> - Failed to find xl binary on any of the system paths: /bin, /sbin, /usr/bin, /usr/sbin., at file: vcs/perfrun1/sdk/src/utils.cpp:205
38 [140585675515584] INFO perfrun.vdso <> - Helper runtool '/home/ariel/intel/oneapi/advisor/2025.1/bin32/advixe-runss -dump-vdso -r /home/ariel/yggdrasil-decision-forests/intel_advisor_profile_results/train/oblique/ariel_dt_depth_1/e000/hs002 --tmp-dir /tmp/advixe-tmp-ariel' returned 1
66 [140585675515584] INFO perfrun.vdso <> - Helper runtool '/home/ariel/intel/oneapi/advisor/2025.1/bin64/advixe-runss -dump-vdso -r /home/ariel/yggdrasil-decision-forests/intel_advisor_profile_results/train/oblique/ariel_dt_depth_1/e000/hs002 --tmp-dir /tmp/advixe-tmp-ariel' returned 0
66 [140585675515584] INFO perfrun.itt <> - start itt controller for pid #47362
66 [140585675515584] INFO perfrun.tpss <> - start tpss controller for pid #47362
116 [140585833409600] INFO perfrun.launcher <> - Launcher: all plugins were started
116 [140585833409600] INFO perfrun.launcher <> - DirectoryMonitor object was created
116 [140585833409600] INFO perfrun.launcher <> - DirectoryMonitor: a callback was added
116 [140585833409600] INFO perfrun.launcher <> - DirectoryMonitor was started with pingTime = 1000
116 [140585833409600] INFO perfrun.launcher <> - DeadlineTimer is going to be constructed
116 [140585833409600] INFO perfrun.launcher <> - DeadlineTimer: a callback was added
119 [140585833409600] INFO perfrun.launcher <> - Launcher: resume the profiled application and  wait its termination or stop command
6751 [140585833409600] INFO perfrun.launcher <> - Launcher: the profiled application was terminated  with exit code = 0
6753 [140585675515584] INFO perfrun.itt <> - detach itt controller
6753 [140585675515584] INFO perfrun.itt <> - detach itt controller done
6753 [140585675515584] INFO perfrun.tpss <> - stop tpss controller
6754 [140585675515584] INFO perfrun.sdk <> - De-allocating TMU: /home/ariel/yggdrasil-decision-forests/intel_advisor_profile_results/train/oblique/ariel_dt_depth_1/e000/hs002/data.0/systemcollector-47357-DESKTOP-VB7ASQL.sc
6754 [140585675515584] INFO perfrun.system <> - closed the system trace file: /home/ariel/yggdrasil-decision-forests/intel_advisor_profile_results/train/oblique/ariel_dt_depth_1/e000/hs002/data.0/systemcollector-47357-DESKTOP-VB7ASQL.sc
6754 [140585833409600] INFO perfrun.launcher <> - Launcher: all plugins were stopped.
6754 [140585833409600] INFO perfrun.launcher <> - DeadlineTimer is going to be destroyed
6754 [140585833409600] INFO perfrun.launcher <> - DeadlineTimer was destroyed
6754 [140585833409600] INFO perfrun.launcher <> - DirectoryMonitor object was destroyed
6754 [140585833409600] WARN perfrun.launcher <> - Stop command is ignored because it is received when collection is already stopped, at file: vcs/perfrun1/launcher/src/command_handler.cpp:226
6754 [140585833409600] INFO perfrun.launcher <> - Application exit code: 0
6754 [140585833409600] INFO perfrun.launcher <> - Exit code: 0
