1 [129121425680320] INFO perfrun.launcher <> - Launcher main begin
1 [129121425680320] INFO perfrun.launcher <> - MessageCatalogInit finished
1 [129121425680320] INFO perfrun.launcher <> - Launcher instance created
1 [129121425680320] INFO perfrun.launcher <> - argc = 7; cmdline = /opt/intel/oneapi/advisor/2025.1/bin64/advixe-runss --ui-output-format xml --ui-output-fd 6 --option-file /home/ubuntu/yggdrasil-decision-forests/intel_advisor_profile_results/ariel_rf_1_tree_oblique/e000/hs001/config/runss.options 
27 [129121425680320] INFO perfrun.launcher <> - create msngr2::ICliToolContext
27 [129121425680320] INFO perfrun.launcher <> - create file finder object
27 [129121425680320] INFO perfrun.launcher <> - create a result directory: pattern = /home/ubuntu/yggdrasil-decision-forests/intel_advisor_profile_results/ariel_rf_1_tree_oblique/e000/hs001 pid = 4294967295
28 [129121425680320] INFO perfrun.sdk <> - checked that the directory /home/ubuntu/yggdrasil-decision-forests/intel_advisor_profile_results/ariel_rf_1_tree_oblique/e000/hs001 is a local directory
28 [129121425680320] INFO perfrun.sdk <> - the directory /home/ubuntu/yggdrasil-decision-forests/intel_advisor_profile_results/ariel_rf_1_tree_oblique/e000/hs001 is a local directory with FS type ID 61267
28 [129121425680320] INFO perfrun.launcher <> - create data directory = /home/ubuntu/yggdrasil-decision-forests/intel_advisor_profile_results/ariel_rf_1_tree_oblique/e000/hs001/data.0
28 [129121425680320] INFO perfrun.launcher <> - Creating the master collection flag
31 [129121425680320] INFO perfrun.launcher <> - Done creating the master collection flag
32 [129121195656896] INFO perfrun.launcher <> - plugin [remoteplug] was disabled because it doesn't support the given collection type.
32 [129121195656896] INFO perfrun.sdk <> - Allocating TMU :/home/ubuntu/yggdrasil-decision-forests/intel_advisor_profile_results/ariel_rf_1_tree_oblique/e000/hs001/data.0/systemcollector-22219-ip-172-31-35-89.sc
32 [129121195656896] INFO perfrun.launcher <> - plugin [] was disabled because it doesn't support the given collection type.
32 [129121195656896] INFO perfrun.launcher <> - plugin [gpu] was disabled because it doesn't support the given collection type.
32 [129121195656896] INFO perfrun.launcher <> - plugin [] was disabled because it doesn't support the given collection type.
32 [129121195656896] INFO perfrun.launcher <> - plugin [] was disabled because it doesn't support the given collection type.
32 [129121195656896] INFO perfrun.launcher <> - plugin [] was disabled because it doesn't support the given collection type.
32 [129121195656896] INFO perfrun.mrte <> - system-wide mode is 0
32 [129121195656896] INFO perfrun.mrte <> - Getting  mrte profiling environment ...
35 [129121195656896] INFO perfrun.mrte <> - INTEL_MRTE_DATA_DIR=/home/ubuntu/yggdrasil-decision-forests/intel_advisor_profile_results/ariel_rf_1_tree_oblique/e000/hs001/data.0
35 [129121195656896] INFO perfrun.mrte <> - INTEL_MRTE_HOST_NAME=ip-172-31-35-89
35 [129121195656896] INFO perfrun.mrte <> - JAVA_TOOL_OPTIONS=-agentlib:advixe_samplingmrte_javaprof_1.0 -Dsun.boot.library.path=/opt/intel/oneapi/advisor/2025.1/lib32/runtime:/opt/intel/oneapi/advisor/2025.1/lib64/runtime
35 [129121195656896] INFO perfrun.mrte <> - LD_LIBRARY_PATH=/opt/intel/oneapi/advisor/2025.1/lib32/runtime:/opt/intel/oneapi/advisor/2025.1/lib64/runtime:/opt/intel/oneapi/tcm/1.3/lib:/opt/intel/oneapi/umf/0.10/lib:/opt/intel/oneapi/tbb/2022.1/env/../lib/intel64/gcc4.8:/opt/intel/oneapi/pti/0.11/lib:/opt/intel/oneapi/mpi/2021.15/opt/mpi/libfabric/lib:/opt/intel/oneapi/mpi/2021.15/lib:/opt/intel/oneapi/mkl/2025.1/lib:/opt/intel/oneapi/ippcp/2025.1/lib/:/opt/intel/oneapi/ipp/2022.1/lib:/opt/intel/oneapi/dnnl/2025.1/lib:/opt/intel/oneapi/debugger/2025.1/opt/debugger/lib:/opt/intel/oneapi/dal/2025.4/lib:/opt/intel/oneapi/compiler/2025.1/opt/compiler/lib:/opt/intel/oneapi/compiler/2025.1/lib:/opt/intel/oneapi/ccl/2021.15/lib/
35 [129121195656896] INFO perfrun.mrte <> - Data directory: /home/ubuntu/yggdrasil-decision-forests/intel_advisor_profile_results/ariel_rf_1_tree_oblique/e000/hs001/data.0
35 [129121195656896] INFO perfrun.mrte <> - Mrte plugin is initialized
35 [129121195656896] INFO perfrun.launcher <> - plugin [] was disabled because it doesn't support the given collection type.
35 [129121195656896] INFO perfrun.launcher <> - plugin [] was disabled because it doesn't support the given collection type.
35 [129121195656896] INFO perfrun.launcher <> - plugin [] was disabled because it doesn't support the given collection type.
35 [129121195656896] INFO perfrun.launcher <> - plugin [] was disabled because it doesn't support the given collection type.
35 [129121195656896] INFO perfrun.launcher <> - plugin [] was disabled because it doesn't support the given collection type.
35 [129121195656896] INFO perfrun.launcher <> - plugin [] was disabled because it doesn't support the given collection type.
35 [129121195656896] INFO perfrun.launcher <> - plugin [] was disabled because it doesn't support the given collection type.
35 [129121195656896] INFO perfrun.tpss <> - initialize tpss controller
35 [129121195656896] INFO perfrun.tpss <> - configure collection mode: value = cpu:stack
35 [129121195656896] INFO perfrun.tpss <> - default obj-size-min=1024
35 [129121195656896] INFO perfrun.tpss <> - default hash-table-size=0
35 [129121195656896] INFO perfrun.launcher <> - plugin [] was disabled because it doesn't support the given collection type.
35 [129121195656896] INFO perfrun.launcher <> - plugin [] was disabled because it doesn't support the given collection type.
35 [129121195656896] INFO perfrun.launcher <> - plugin [] was disabled because it doesn't support the given collection type.
35 [129121195656896] INFO perfrun.launcher <> - plugin [] was disabled because it doesn't support the given collection type.
35 [129121195656896] INFO perfrun.launcher <> - plugin [] was disabled because it doesn't support the given collection type.
35 [129121195656896] INFO perfrun.launcher <> - plugin [] was disabled because it doesn't support the given collection type.
35 [129121195656896] INFO perfrun.launcher <> - plugin [] was disabled because it doesn't support the given collection type.
35 [129121195656896] INFO perfrun.launcher <> - plugin [] was disabled because it doesn't support the given collection type.
35 [129121195656896] INFO perfrun.launcher <> - plugin [] was disabled because it doesn't support the given collection type.
35 [129121195656896] INFO perfrun.launcher <> - plugin [] was disabled because it doesn't support the given collection type.
35 [129121425680320] INFO perfrun.launcher <> - set environment variable: LD_LIBRARY_PATH = /opt/intel/oneapi/advisor/2025.1/lib32/runtime:/opt/intel/oneapi/advisor/2025.1/lib64/runtime:/opt/intel/oneapi/tcm/1.3/lib:/opt/intel/oneapi/umf/0.10/lib:/opt/intel/oneapi/tbb/2022.1/env/../lib/intel64/gcc4.8:/opt/intel/oneapi/pti/0.11/lib:/opt/intel/oneapi/mpi/2021.15/opt/mpi/libfabric/lib:/opt/intel/oneapi/mpi/2021.15/lib:/opt/intel/oneapi/mkl/2025.1/lib:/opt/intel/oneapi/ippcp/2025.1/lib/:/opt/intel/oneapi/ipp/2022.1/lib:/opt/intel/oneapi/dnnl/2025.1/lib:/opt/intel/oneapi/debugger/2025.1/opt/debugger/lib:/opt/intel/oneapi/dal/2025.4/lib:/opt/intel/oneapi/compiler/2025.1/opt/compiler/lib:/opt/intel/oneapi/compiler/2025.1/lib:/opt/intel/oneapi/ccl/2021.15/lib/
35 [129121425680320] INFO perfrun.launcher <> - set environment variable: INTEL_LIBITTNOTIFY32 = /opt/intel/oneapi/advisor/2025.1/lib32/runtime/libittnotify_collector.so
35 [129121425680320] INFO perfrun.launcher <> - set environment variable: INTEL_LIBITTNOTIFY64 = /opt/intel/oneapi/advisor/2025.1/lib64/runtime/libittnotify_collector.so
35 [129121425680320] INFO perfrun.launcher <> - set environment variable: INTEL_ITTNOTIFY_GROUPS = 
35 [129121425680320] INFO perfrun.launcher <> - set environment variable: INTEL_JIT_PROFILER32 = /opt/intel/oneapi/advisor/2025.1/lib32/runtime/libittnotify_collector.so
35 [129121425680320] INFO perfrun.launcher <> - set environment variable: INTEL_JIT_PROFILER64 = /opt/intel/oneapi/advisor/2025.1/lib64/runtime/libittnotify_collector.so
36 [129121425680320] INFO perfrun.launcher <> - set environment variable: CCL_ITT_LEVEL = 1
36 [129121425680320] INFO perfrun.launcher <> - set environment variable: ENABLE_JITPROFILING = 1
36 [129121425680320] INFO perfrun.launcher <> - set environment variable: CL_CONFIG_USE_VTUNE = True
36 [129121425680320] INFO perfrun.launcher <> - set environment variable: KMP_FORKJOIN_FRAMES = 0
36 [129121425680320] INFO perfrun.launcher <> - set environment variable: KMP_FORKJOIN_FRAMES_MODE = 0
36 [129121425680320] INFO perfrun.launcher <> - set environment variable: INTEL_MRTE_DATA_DIR = /home/ubuntu/yggdrasil-decision-forests/intel_advisor_profile_results/ariel_rf_1_tree_oblique/e000/hs001/data.0
36 [129121425680320] INFO perfrun.launcher <> - set environment variable: INTEL_MRTE_HOST_NAME = ip-172-31-35-89
36 [129121425680320] INFO perfrun.launcher <> - set environment variable: JAVA_TOOL_OPTIONS = -agentlib:advixe_samplingmrte_javaprof_1.0 -Dsun.boot.library.path=/opt/intel/oneapi/advisor/2025.1/lib32/runtime:/opt/intel/oneapi/advisor/2025.1/lib64/runtime
36 [129121425680320] INFO perfrun.launcher <> - set environment variable: LD_LIBRARY_PATH = /opt/intel/oneapi/advisor/2025.1/lib32/runtime:/opt/intel/oneapi/advisor/2025.1/lib64/runtime:/opt/intel/oneapi/tcm/1.3/lib:/opt/intel/oneapi/umf/0.10/lib:/opt/intel/oneapi/tbb/2022.1/env/../lib/intel64/gcc4.8:/opt/intel/oneapi/pti/0.11/lib:/opt/intel/oneapi/mpi/2021.15/opt/mpi/libfabric/lib:/opt/intel/oneapi/mpi/2021.15/lib:/opt/intel/oneapi/mkl/2025.1/lib:/opt/intel/oneapi/ippcp/2025.1/lib/:/opt/intel/oneapi/ipp/2022.1/lib:/opt/intel/oneapi/dnnl/2025.1/lib:/opt/intel/oneapi/debugger/2025.1/opt/debugger/lib:/opt/intel/oneapi/dal/2025.4/lib:/opt/intel/oneapi/compiler/2025.1/opt/compiler/lib:/opt/intel/oneapi/compiler/2025.1/lib:/opt/intel/oneapi/ccl/2021.15/lib/
36 [129121425680320] INFO perfrun.launcher <> - RpcServer: run RPC server to handle requests
36 [129121425680320] INFO perfrun.launcher <> - Launcher: command line to start before modification = /home/ubuntu/yggdrasil-decision-forests/bazel-bin/examples/ariel_rf_train /home/ubuntu/yggdrasil-decision-forests/ariel_test_data/processed_wise1_data.csv Cancer Status tmp/ariel_rf_1_tree_oblique
36 [129121425680320] INFO perfrun.launcher <> - Launcher: command line to start after modification = /opt/intel/oneapi/advisor/2025.1/bin64/pin -error_file /home/ubuntu/yggdrasil-decision-forests/intel_advisor_profile_results/ariel_rf_1_tree_oblique/e000/hs001/data.0/pinerr.tpsslog -detach_reattach -follow_execv -tool_load_option deepbind -t64 /opt/intel/oneapi/advisor/2025.1/lib64/libtpsstool.so -t /opt/intel/oneapi/advisor/2025.1/lib32/libtpsstool.so -server_name tpss_ipc.22219 -prd_dir /opt/intel/oneapi/advisor/2025.1 -- /home/ubuntu/yggdrasil-decision-forests/bazel-bin/examples/ariel_rf_train /home/ubuntu/yggdrasil-decision-forests/ariel_test_data/processed_wise1_data.csv Cancer Status tmp/ariel_rf_1_tree_oblique
36 [129121425680320] INFO perfrun.launcher <> - ProcessCreator object was created
37 [129121425680320] INFO perfrun.launcher <> - Launcher: the process was started in suspend mode
37 [129121195656896] WARN perfrun.system <> - Could not do anything with /sys/kernel/debug/kvm: boost::filesystem::status: Permission denied [system:13]: "/sys/kernel/debug/kvm", at file: vcs/perfrun1/plugins/system/src/trace_writer.cpp:787
37 [129121195656896] WARN perfrun.system <> - Folder "/var/run/libvirt/qemu/"doesn't exist, at file: vcs/perfrun1/plugins/system/src/trace_writer.cpp:800
38 [129121195656896] WARN perfrun.sdk <> - SEP tool is not available, at file: vcs/perfrun1/plugins/pluginsdk/src/device_mapper.cpp:915
38 [129121195656896] WARN perfrun.sdk <> - SEP driver is not available, at file: vcs/perfrun1/plugins/pluginsdk/src/device_mapper.cpp:1083
38 [129121195656896] WARN perfrun.sdk <> - amplxe-perf tool is not available, at file: vcs/perfrun1/plugins/pluginsdk/src/device_mapper.cpp:932
38 [129121195656896] WARN perfrun.sdk <> - Device mapping through perf is not available on current kernel, at file: vcs/perfrun1/plugins/pluginsdk/src/device_mapper.cpp:1314
39 [129121195656896] WARN perfrun.sdk <> - SEP tool is not available, at file: vcs/perfrun1/plugins/pluginsdk/src/device_mapper.cpp:915
39 [129121195656896] WARN perfrun.sdk <> - SEP driver is not available, at file: vcs/perfrun1/plugins/pluginsdk/src/device_mapper.cpp:1083
39 [129121195656896] WARN perfrun.sdk <> - SEP tool is not available, at file: vcs/perfrun1/plugins/pluginsdk/src/device_mapper.cpp:915
39 [129121195656896] WARN perfrun.sdk <> - SEP driver is not available, at file: vcs/perfrun1/plugins/pluginsdk/src/device_mapper.cpp:1083
39 [129121195656896] WARN perfrun.sdk <> - amplxe-perf tool is not available, at file: vcs/perfrun1/plugins/pluginsdk/src/device_mapper.cpp:932
39 [129121195656896] WARN perfrun.sdk <> - Device mapping through perf is not available on current kernel, at file: vcs/perfrun1/plugins/pluginsdk/src/device_mapper.cpp:1314
39 [129121195656896] WARN perfrun.sdk <> - Failed to find xl binary on any of the system paths: /bin, /sbin, /usr/bin, /usr/sbin., at file: vcs/perfrun1/sdk/src/utils.cpp:205
41 [129121195656896] INFO perfrun.vdso <> - Helper runtool '/opt/intel/oneapi/advisor/2025.1/bin32/advixe-runss -dump-vdso -r /home/ubuntu/yggdrasil-decision-forests/intel_advisor_profile_results/ariel_rf_1_tree_oblique/e000/hs001 --tmp-dir /tmp/advixe-tmp-ubuntu' returned 1
83 [129121195656896] INFO perfrun.vdso <> - Helper runtool '/opt/intel/oneapi/advisor/2025.1/bin64/advixe-runss -dump-vdso -r /home/ubuntu/yggdrasil-decision-forests/intel_advisor_profile_results/ariel_rf_1_tree_oblique/e000/hs001 --tmp-dir /tmp/advixe-tmp-ubuntu' returned 0
83 [129121195656896] INFO perfrun.itt <> - start itt controller for pid #22224
83 [129121195656896] INFO perfrun.tpss <> - start tpss controller for pid #22224
134 [129121425680320] INFO perfrun.launcher <> - Launcher: all plugins were started
134 [129121425680320] INFO perfrun.launcher <> - DirectoryMonitor object was created
134 [129121425680320] INFO perfrun.launcher <> - DirectoryMonitor: a callback was added
134 [129121425680320] INFO perfrun.launcher <> - DirectoryMonitor was started with pingTime = 1000
134 [129121425680320] INFO perfrun.launcher <> - DeadlineTimer is going to be constructed
134 [129121425680320] INFO perfrun.launcher <> - DeadlineTimer: a callback was added
138 [129121425680320] INFO perfrun.launcher <> - Launcher: resume the profiled application and  wait its termination or stop command
61647 [129121425680320] INFO perfrun.launcher <> - Launcher: the profiled application was terminated  with exit code = 0
61649 [129121195656896] INFO perfrun.itt <> - detach itt controller
61649 [129121195656896] INFO perfrun.itt <> - detach itt controller done
61649 [129121195656896] INFO perfrun.tpss <> - stop tpss controller
61650 [129121195656896] INFO perfrun.sdk <> - De-allocating TMU: /home/ubuntu/yggdrasil-decision-forests/intel_advisor_profile_results/ariel_rf_1_tree_oblique/e000/hs001/data.0/systemcollector-22219-ip-172-31-35-89.sc
61650 [129121195656896] INFO perfrun.system <> - closed the system trace file: /home/ubuntu/yggdrasil-decision-forests/intel_advisor_profile_results/ariel_rf_1_tree_oblique/e000/hs001/data.0/systemcollector-22219-ip-172-31-35-89.sc
61650 [129121425680320] INFO perfrun.launcher <> - Launcher: all plugins were stopped.
61650 [129121425680320] INFO perfrun.launcher <> - DeadlineTimer is going to be destroyed
61650 [129121425680320] INFO perfrun.launcher <> - DeadlineTimer was destroyed
61650 [129121425680320] INFO perfrun.launcher <> - DirectoryMonitor object was destroyed
61650 [129121425680320] WARN perfrun.launcher <> - Stop command is ignored because it is received when collection is already stopped, at file: vcs/perfrun1/launcher/src/command_handler.cpp:226
61651 [129121425680320] INFO perfrun.launcher <> - Application exit code: 0
61651 [129121425680320] INFO perfrun.launcher <> - Exit code: 0
